#
# A fatal error has been detected by the Java Runtime Environment:
#
#  EXCEPTION_ACCESS_VIOLATION (0xc0000005) at pc=0x00007ff8e2ec7ed0, pid=8540, tid=24144
#
# JRE version: Java(TM) SE Runtime Environment (17.0.10+11) (build 17.0.10+11-LTS-240)
# Java VM: Java HotSpot(TM) 64-Bit Server VM (17.0.10+11-LTS-240, mixed mode, sharing, tiered, compressed oops, compressed class ptrs, g1 gc, windows-amd64)
# Problematic frame:
# V  [jvm.dll+0x597ed0]
#
# No core dump will be written. Minidumps are not enabled by default on client versions of Windows
#
# If you would like to submit a bug report, please visit:
#   https://bugreport.java.com/bugreport/crash.jsp
#

---------------  S U M M A R Y ------------

Command Line: --add-opens=java.base/java.util=ALL-UNNAMED --add-opens=java.base/java.lang=ALL-UNNAMED --add-opens=java.base/java.lang.invoke=ALL-UNNAMED --add-opens=java.base/java.util=ALL-UNNAMED --add-opens=java.prefs/java.util.prefs=ALL-UNNAMED --add-opens=java.prefs/java.util.prefs=ALL-UNNAMED --add-opens=java.base/java.nio.charset=ALL-UNNAMED --add-opens=java.base/java.net=ALL-UNNAMED --add-opens=java.base/java.util.concurrent.atomic=ALL-UNNAMED -XX:MaxMetaspaceSize=256m -XX:+HeapDumpOnOutOfMemoryError -Xms256m -Xmx512m -Dfile.encoding=windows-1251 -Duser.country=RU -Duser.language=ru -Duser.variant org.gradle.launcher.daemon.bootstrap.GradleDaemon 7.5.1

Host: AMD Ryzen 5 3500U with Radeon Vega Mobile Gfx  , 8 cores, 14G,  Windows 11 , 64 bit Build 22621 (10.0.22621.3958)
Time: Tue Oct  1 16:04:38 2024 RTZ 2 (s 11 , 64 bit Build 22621 (10.0.22621.3958) elapsed time: 17.333672 seconds (0d 0h 0m 17s)

---------------  T H R E A D  ---------------

Current thread (0x0000026bdeb6dc40):  JavaThread "C2 CompilerThread0" daemon [_thread_in_native, id=24144, stack(0x000000cc80900000,0x000000cc80a00000)]


Current CompileTask:
C2:  17333 2828   !   4       java.net.URL::<init> (543 bytes)

Stack: [0x000000cc80900000,0x000000cc80a00000],  sp=0x000000cc809fb920,  free space=1006k
Native frames: (J=compiled Java code, j=interpreted, Vv=VM code, C=native code)
V  [jvm.dll+0x597ed0]
V  [jvm.dll+0x1bda7f]
V  [jvm.dll+0x32c232]
V  [jvm.dll+0x32b6aa]
V  [jvm.dll+0x21794f]
V  [jvm.dll+0x216d81]
V  [jvm.dll+0x1a3410]
V  [jvm.dll+0x226aeb]
V  [jvm.dll+0x224cab]
V  [jvm.dll+0x78e45c]
V  [jvm.dll+0x78888a]
V  [jvm.dll+0x676935]
C  [ucrtbase.dll+0x29333]
C  [KERNEL32.DLL+0x1257d]
C  [ntdll.dll+0x5af28]


siginfo: EXCEPTION_ACCESS_VIOLATION (0xc0000005), reading address 0x0000000000000008


Registers:
RAX=0x0000000000000000, RBX=0x0000026bf40b3fd8, RCX=0x0000026bf40b40f0, RDX=0x0000000000000001
RSP=0x000000cc809fb920, RBP=0x0000000000000002, RSI=0x0000000000000002, RDI=0x0000000000000002
R8 =0x00000000ffffffff, R9 =0x0000000000000000, R10=0x0000000000000000, R11=0x3333333333333333
R12=0x0000000000000002, R13=0x0000000000000010, R14=0x0000026bf40b3fd8, R15=0x00007ff8e33cd2b0
RIP=0x00007ff8e2ec7ed0, EFLAGS=0x0000000000010202


Register to memory mapping:

RIP=0x00007ff8e2ec7ed0 jvm.dll
RAX=0x0 is NULL
RBX=0x0000026bf40b3fd8 points into unknown readable memory: 0x00007ff8e319e580 | 80 e5 19 e3 f8 7f 00 00
RCX=0x0000026bf40b40f0 points into unknown readable memory: 0x0000000000000000 | 00 00 00 00 00 00 00 00
RDX=0x0000000000000001 is an unknown value
RSP=0x000000cc809fb920 is pointing into the stack for thread: 0x0000026bdeb6dc40
RBP=0x0000000000000002 is an unknown value
RSI=0x0000000000000002 is an unknown value
RDI=0x0000000000000002 is an unknown value
R8 =0x00000000ffffffff is an unallocated location in the heap
R9 =0x0 is NULL
R10=0x0 is NULL
R11=0x3333333333333333 is an unknown value
R12=0x0000000000000002 is an unknown value
R13=0x0000000000000010 is an unknown value
R14=0x0000026bf40b3fd8 points into unknown readable memory: 0x00007ff8e319e580 | 80 e5 19 e3 f8 7f 00 00
R15=0x00007ff8e33cd2b0 jvm.dll


Top of Stack: (sp=0x000000cc809fb920)
0x000000cc809fb920:   0000026bf5ef1188 000000cc809fbad0
0x000000cc809fb930:   0000026bf40b4ab8 0000026bf40b4328
0x000000cc809fb940:   0000026bf5ee2210 00007ff8e2aeda7f
0x000000cc809fb950:   000000cc809fbad0 0000026bf40b3fd8
0x000000cc809fb960:   00000000000007d4 0000026bf4208f88
0x000000cc809fb970:   0000020700000002 00007ff800000003
0x000000cc809fb980:   0000026bf4208f88 00000000000000f8
0x000000cc809fb990:   0000000000000000 0000000000000000
0x000000cc809fb9a0:   000000000014fac0 0000026bf3635060
0x000000cc809fb9b0:   0000000000000000 0000026bf3635070
0x000000cc809fb9c0:   00000000000003d8 000000cc809fbaf0
0x000000cc809fb9d0:   000000cc809fbec0 0000026bf3635448
0x000000cc809fb9e0:   0000000000001e85 00007ff8e2c5c232
0x000000cc809fb9f0:   000000cc809fbad0 000000cc809fba00
0x000000cc809fba00:   0000026bf3635401 00000000ffffffff
0x000000cc809fba10:   000000007fffff01 0000000000000400 

Instructions: (pc=0x00007ff8e2ec7ed0)
0x00007ff8e2ec7dd0:   00 00 00 80 3c 18 00 75 05 e8 0e d8 29 00 b8 20
0x00007ff8e2ec7de0:   00 00 00 48 8b cf 48 8b 04 18 48 8b 90 d8 04 00
0x00007ff8e2ec7df0:   00 48 8b 07 48 8b 9a 80 00 00 00 ff 50 68 8b c0
0x00007ff8e2ec7e00:   48 8d 0c c5 18 0b 00 00 48 8b 83 58 08 00 00 48
0x00007ff8e2ec7e10:   8b 5c 24 30 48 8b 04 01 48 83 c4 20 5f c3 cc cc
0x00007ff8e2ec7e20:   48 89 5c 24 18 48 89 6c 24 20 57 48 83 ec 20 48
0x00007ff8e2ec7e30:   8b 01 8b ea 48 8b d9 ff 90 c8 00 00 00 8b f8 3b
0x00007ff8e2ec7e40:   e8 73 58 65 48 8b 04 25 58 00 00 00 8b 0d 26 f4
0x00007ff8e2ec7e50:   5a 00 48 8b 1c c8 b8 50 00 00 00 80 3c 18 00 75
0x00007ff8e2ec7e60:   05 e8 86 d7 29 00 b8 20 00 00 00 48 8b 04 18 48
0x00007ff8e2ec7e70:   8b 88 d8 04 00 00 48 8b 81 80 00 00 00 48 8b 80
0x00007ff8e2ec7e80:   58 08 00 00 48 8b 80 b8 0a 00 00 48 8b 5c 24 40
0x00007ff8e2ec7e90:   48 8b 6c 24 48 48 83 c4 20 5f c3 48 8b 43 40 48
0x00007ff8e2ec7ea0:   89 74 24 30 be 01 00 00 00 4c 89 74 24 38 48 8b
0x00007ff8e2ec7eb0:   48 08 48 8b 01 ff 50 08 8b d0 8d 0c 38 3b e9 72
0x00007ff8e2ec7ec0:   1a 48 8b 43 40 ff c6 03 fa 48 8b 0c f0 48 8b 01
0x00007ff8e2ec7ed0:   ff 50 08 8b d0 03 c7 3b e8 73 e6 48 8b 03 48 8b
0x00007ff8e2ec7ee0:   cb ff 90 e8 00 00 00 4c 8b f0 48 85 c0 74 10 48
0x00007ff8e2ec7ef0:   8b 13 48 8b cb ff 92 b0 00 00 00 3b f0 74 17 48
0x00007ff8e2ec7f00:   8b 43 40 2b ef 8b ce 8b d5 48 8b 0c c8 48 8b 01
0x00007ff8e2ec7f10:   ff 50 10 4c 8b f0 48 8b 74 24 30 49 8b c6 4c 8b
0x00007ff8e2ec7f20:   74 24 38 48 8b 5c 24 40 48 8b 6c 24 48 48 83 c4
0x00007ff8e2ec7f30:   20 5f c3 cc cc cc cc cc cc cc cc cc cc cc cc cc
0x00007ff8e2ec7f40:   85 d2 75 08 48 8d 05 35 d4 51 00 c3 48 8b 41 08
0x00007ff8e2ec7f50:   48 8b 48 08 48 8b 01 48 ff 60 78 cc cc cc cc cc
0x00007ff8e2ec7f60:   48 83 ec 28 ba 50 00 00 00 48 8d 0d d0 34 3a 00
0x00007ff8e2ec7f70:   e8 fb d4 ca ff e8 f6 f5 0d 00 33 c0 48 83 c4 28
0x00007ff8e2ec7f80:   c3 cc cc cc cc cc cc cc cc cc cc cc cc cc cc cc
0x00007ff8e2ec7f90:   8b c2 48 8d 04 40 48 c1 e0 05 48 03 41 48 c3 cc
0x00007ff8e2ec7fa0:   48 89 5c 24 08 57 48 83 ec 20 8b fa 48 8b d9 83
0x00007ff8e2ec7fb0:   fa 05 73 17 48 8d 04 7f 48 c1 e0 05 48 03 41 48
0x00007ff8e2ec7fc0:   48 8b 5c 24 30 48 83 c4 20 5f c3 75 27 48 8b 01 


Stack slot to memory mapping:
stack at sp + 0 slots: 0x0000026bf5ef1188 points into unknown readable memory: 0x0000000005555455 | 55 54 55 05 00 00 00 00
stack at sp + 1 slots: 0x000000cc809fbad0 is pointing into the stack for thread: 0x0000026bdeb6dc40
stack at sp + 2 slots: 0x0000026bf40b4ab8 points into unknown readable memory: 0x0000000000000000 | 00 00 00 00 00 00 00 00
stack at sp + 3 slots: 0x0000026bf40b4328 points into unknown readable memory: 0x00007ff8e318e6e8 | e8 e6 18 e3 f8 7f 00 00
stack at sp + 4 slots: 0x0000026bf5ee2210 points into unknown readable memory: 0x0000000000000000 | 00 00 00 00 00 00 00 00
stack at sp + 5 slots: 0x00007ff8e2aeda7f jvm.dll
stack at sp + 6 slots: 0x000000cc809fbad0 is pointing into the stack for thread: 0x0000026bdeb6dc40
stack at sp + 7 slots: 0x0000026bf40b3fd8 points into unknown readable memory: 0x00007ff8e319e580 | 80 e5 19 e3 f8 7f 00 00


---------------  P R O C E S S  ---------------

Threads class SMR info:
_java_thread_list=0x0000026bf435b450, length=36, elements={
0x0000026bc22f4580, 0x0000026bdeb40ba0, 0x0000026bdeb41670, 0x0000026bdeb53670,
0x0000026bdeb54140, 0x0000026bdeb59270, 0x0000026bdeb634f0, 0x0000026bdeb6dc40,
0x0000026bdeb6ea10, 0x0000026bdeb62ad0, 0x0000026bdeb625c0, 0x0000026bdeb61ba0,
0x0000026bdeb60c70, 0x0000026bdeb62fe0, 0x0000026bdeb61690, 0x0000026bdeb61180,
0x0000026bdeb63a00, 0x0000026bdeb620b0, 0x0000026bdeb63f10, 0x0000026bdeb60760,
0x0000026bf249cf40, 0x0000026bf249abd0, 0x0000026bf249bb00, 0x0000026bf2499ca0,
0x0000026bf249f2b0, 0x0000026bf249e890, 0x0000026bf2498860, 0x0000026bf249eda0,
0x0000026bf249b5f0, 0x0000026bf249d450, 0x0000026bf249a1b0, 0x0000026bf249de70,
0x0000026bf2498d70, 0x0000026bf249c520, 0x0000026bf249ca30, 0x0000026bf181cc10
}

Java Threads: ( => current thread )
  0x0000026bc22f4580 JavaThread "main" [_thread_blocked, id=4536, stack(0x000000ccffc00000,0x000000ccffd00000)]
  0x0000026bdeb40ba0 JavaThread "Reference Handler" daemon [_thread_blocked, id=2520, stack(0x000000cc80300000,0x000000cc80400000)]
  0x0000026bdeb41670 JavaThread "Finalizer" daemon [_thread_blocked, id=10396, stack(0x000000cc80400000,0x000000cc80500000)]
  0x0000026bdeb53670 JavaThread "Signal Dispatcher" daemon [_thread_blocked, id=5924, stack(0x000000cc80500000,0x000000cc80600000)]
  0x0000026bdeb54140 JavaThread "Attach Listener" daemon [_thread_blocked, id=12200, stack(0x000000cc80600000,0x000000cc80700000)]
  0x0000026bdeb59270 JavaThread "Service Thread" daemon [_thread_blocked, id=19100, stack(0x000000cc80700000,0x000000cc80800000)]
  0x0000026bdeb634f0 JavaThread "Monitor Deflation Thread" daemon [_thread_blocked, id=23040, stack(0x000000cc80800000,0x000000cc80900000)]
=>0x0000026bdeb6dc40 JavaThread "C2 CompilerThread0" daemon [_thread_in_native, id=24144, stack(0x000000cc80900000,0x000000cc80a00000)]
  0x0000026bdeb6ea10 JavaThread "C1 CompilerThread0" daemon [_thread_in_vm, id=17988, stack(0x000000cc80a00000,0x000000cc80b00000)]
  0x0000026bdeb62ad0 JavaThread "Sweeper thread" daemon [_thread_blocked, id=18752, stack(0x000000cc80b00000,0x000000cc80c00000)]
  0x0000026bdeb625c0 JavaThread "Common-Cleaner" daemon [_thread_blocked, id=1900, stack(0x000000cc80c00000,0x000000cc80d00000)]
  0x0000026bdeb61ba0 JavaThread "Notification Thread" daemon [_thread_blocked, id=10360, stack(0x000000cc80d00000,0x000000cc80e00000)]
  0x0000026bdeb60c70 JavaThread "Daemon health stats" [_thread_blocked, id=3024, stack(0x000000cc81500000,0x000000cc81600000)]
  0x0000026bdeb62fe0 JavaThread "Incoming local TCP Connector on port 6490" [_thread_in_native, id=24160, stack(0x000000cc80f00000,0x000000cc81000000)]
  0x0000026bdeb61690 JavaThread "Daemon periodic checks" [_thread_blocked, id=11652, stack(0x000000cc81600000,0x000000cc81700000)]
  0x0000026bdeb61180 JavaThread "Daemon" [_thread_blocked, id=16528, stack(0x000000cc81700000,0x000000cc81800000)]
  0x0000026bdeb63a00 JavaThread "Handler for socket connection from /127.0.0.1:6490 to /127.0.0.1:6509" [_thread_in_native, id=12652, stack(0x000000cc81800000,0x000000cc81900000)]
  0x0000026bdeb620b0 JavaThread "Cancel handler" [_thread_blocked, id=8384, stack(0x000000cc81900000,0x000000cc81a00000)]
  0x0000026bdeb63f10 JavaThread "Daemon worker" [_thread_in_Java, id=22380, stack(0x000000cc81a00000,0x000000cc81b00000)]
  0x0000026bdeb60760 JavaThread "Asynchronous log dispatcher for DefaultDaemonConnection: socket connection from /127.0.0.1:6490 to /127.0.0.1:6509" [_thread_blocked, id=18552, stack(0x000000cc81b00000,0x000000cc81c00000)]
  0x0000026bf249cf40 JavaThread "Stdin handler" [_thread_blocked, id=15268, stack(0x000000cc81c00000,0x000000cc81d00000)]
  0x0000026bf249abd0 JavaThread "Daemon client event forwarder" [_thread_blocked, id=8608, stack(0x000000cc81d00000,0x000000cc81e00000)]
  0x0000026bf249bb00 JavaThread "Cache worker for journal cache (C:\Users\artem\.gradle\caches\journal-1)" [_thread_blocked, id=10124, stack(0x000000cc81e00000,0x000000cc81f00000)]
  0x0000026bf2499ca0 JavaThread "File lock request listener" [_thread_in_native, id=13180, stack(0x000000cc81f00000,0x000000cc82000000)]
  0x0000026bf249f2b0 JavaThread "Cache worker for file hash cache (C:\Users\artem\.gradle\caches\7.5.1\fileHashes)" [_thread_blocked, id=472, stack(0x000000cc82100000,0x000000cc82200000)]
  0x0000026bf249e890 JavaThread "File watcher server" daemon [_thread_in_native, id=13220, stack(0x000000cc82000000,0x000000cc82100000)]
  0x0000026bf2498860 JavaThread "File watcher consumer" daemon [_thread_blocked, id=19400, stack(0x000000cc82200000,0x000000cc82300000)]
  0x0000026bf249eda0 JavaThread "Cache worker for checksums cache (C:\Users\artem\IdeaProjects\web-2\.gradle\7.5.1\checksums)" [_thread_blocked, id=1484, stack(0x000000cc82400000,0x000000cc82500000)]
  0x0000026bf249b5f0 JavaThread "Cache worker for cache directory md-rule (C:\Users\artem\.gradle\caches\7.5.1\md-rule)" [_thread_blocked, id=11088, stack(0x000000cc82500000,0x000000cc82600000)]
  0x0000026bf249d450 JavaThread "Cache worker for file content cache (C:\Users\artem\.gradle\caches\7.5.1\fileContent)" [_thread_blocked, id=3220, stack(0x000000cc82600000,0x000000cc82700000)]
  0x0000026bf249a1b0 JavaThread "Cache worker for file hash cache (C:\Users\artem\IdeaProjects\web-2\.gradle\7.5.1\fileHashes)" [_thread_blocked, id=20380, stack(0x000000cc82700000,0x000000cc82800000)]
  0x0000026bf249de70 JavaThread "Cache worker for cache directory md-supplier (C:\Users\artem\.gradle\caches\7.5.1\md-supplier)" [_thread_blocked, id=17640, stack(0x000000cc82800000,0x000000cc82900000)]
  0x0000026bf2498d70 JavaThread "Cache worker for execution history cache (C:\Users\artem\.gradle\caches\7.5.1\executionHistory)" [_thread_blocked, id=14572, stack(0x000000cc82c00000,0x000000cc82d00000)]
  0x0000026bf249c520 JavaThread "jar transforms" [_thread_blocked, id=24284, stack(0x000000cc82300000,0x000000cc82400000)]
  0x0000026bf249ca30 JavaThread "jar transforms Thread 2" [_thread_blocked, id=9356, stack(0x000000cc82d00000,0x000000cc82e00000)]
  0x0000026bf181cc10 JavaThread "C2 CompilerThread1" daemon [_thread_in_native, id=19004, stack(0x000000cc82e00000,0x000000cc82f00000)]

Other Threads:
  0x0000026bdeb331a0 VMThread "VM Thread" [stack: 0x000000cc80200000,0x000000cc80300000] [id=15696]
  0x0000026bf10f7020 WatcherThread [stack: 0x000000cc80e00000,0x000000cc80f00000] [id=8972]
  0x0000026bc2322aa0 GCTaskThread "GC Thread#0" [stack: 0x000000ccffd00000,0x000000ccffe00000] [id=8764]
  0x0000026bf1f21800 GCTaskThread "GC Thread#1" [stack: 0x000000cc81000000,0x000000cc81100000] [id=23380]
  0x0000026bf1f42c10 GCTaskThread "GC Thread#2" [stack: 0x000000cc81100000,0x000000cc81200000] [id=1188]
  0x0000026bf1e48a60 GCTaskThread "GC Thread#3" [stack: 0x000000cc81200000,0x000000cc81300000] [id=6944]
  0x0000026bf2019370 GCTaskThread "GC Thread#4" [stack: 0x000000cc81300000,0x000000cc81400000] [id=24000]
  0x0000026bf2019630 GCTaskThread "GC Thread#5" [stack: 0x000000cc81400000,0x000000cc81500000] [id=14836]
  0x0000026bf29828d0 GCTaskThread "GC Thread#6" [stack: 0x000000cc82900000,0x000000cc82a00000] [id=18548]
  0x0000026bf33f23a0 GCTaskThread "GC Thread#7" [stack: 0x000000cc82a00000,0x000000cc82b00000] [id=20188]
  0x0000026bc23277a0 ConcurrentGCThread "G1 Main Marker" [stack: 0x000000ccffe00000,0x000000ccfff00000] [id=21008]
  0x0000026bc2327f60 ConcurrentGCThread "G1 Conc#0" [stack: 0x000000ccfff00000,0x000000cd00000000] [id=1232]
  0x0000026bf361c930 ConcurrentGCThread "G1 Conc#1" [stack: 0x000000cc82b00000,0x000000cc82c00000] [id=14864]
  0x0000026bde9fa500 ConcurrentGCThread "G1 Refine#0" [stack: 0x000000cc80000000,0x000000cc80100000] [id=15972]
  0x0000026bde9fabe0 ConcurrentGCThread "G1 Service" [stack: 0x000000cc80100000,0x000000cc80200000] [id=22448]

Threads with active compile tasks:
C2 CompilerThread0    17434 2828   !   4       java.net.URL::<init> (543 bytes)
C1 CompilerThread0    17435 2941       3       java.util.stream.MatchOps::makeRef (29 bytes)
C2 CompilerThread1    17435 2918  s!   4       jdk.internal.loader.URLClassPath::getLoader (194 bytes)

VM state: not at safepoint (normal execution)

VM Mutex/Monitor currently owned by a thread: None

Heap address: 0x00000000e0000000, size: 512 MB, Compressed Oops mode: 32-bit

CDS archive(s) mapped at: [0x0000026bdf000000-0x0000026bdfbd0000-0x0000026bdfbd0000), size 12386304, SharedBaseAddress: 0x0000026bdf000000, ArchiveRelocationMode: 1.
Compressed class space mapped at: 0x0000026be0000000-0x0000026bed000000, reserved size: 218103808
Narrow klass base: 0x0000026bdf000000, Narrow klass shift: 0, Narrow klass range: 0x100000000

GC Precious Log:
 CPUs: 8 total, 8 available
 Memory: 15297M
 Large Page Support: Disabled
 NUMA Support: Disabled
 Compressed Oops: Enabled (32-bit)
 Heap Region Size: 1M
 Heap Min Capacity: 256M
 Heap Initial Capacity: 256M
 Heap Max Capacity: 512M
 Pre-touch: Disabled
 Parallel Workers: 8
 Concurrent Workers: 2
 Concurrent Refinement Workers: 8
 Periodic GC: Disabled

Heap:
 garbage-first heap   total 262144K, used 44890K [0x00000000e0000000, 0x0000000100000000)
  region size 1024K, 36 young (36864K), 12 survivors (12288K)
 Metaspace       used 24965K, committed 25344K, reserved 278528K
  class space    used 3759K, committed 3904K, reserved 212992K

Heap Regions: E=young(eden), S=young(survivor), O=old, HS=humongous(starts), HC=humongous(continues), CS=collection set, F=free, OA=open archive, CA=closed archive, TAMS=top-at-mark-start (previous, next)
|   0|0x00000000e0000000, 0x00000000e0000000, 0x00000000e0100000|  0%| F|  |TAMS 0x00000000e0000000, 0x00000000e0000000| Untracked 
|   1|0x00000000e0100000, 0x00000000e0200000, 0x00000000e0200000|100%| O|  |TAMS 0x00000000e0200000, 0x00000000e0100000| Untracked 
|   2|0x00000000e0200000, 0x00000000e0300000, 0x00000000e0300000|100%| O|  |TAMS 0x00000000e0300000, 0x00000000e0200000| Untracked 
|   3|0x00000000e0300000, 0x00000000e0400000, 0x00000000e0400000|100%|HS|  |TAMS 0x00000000e0400000, 0x00000000e0300000| Complete 
|   4|0x00000000e0400000, 0x00000000e0500000, 0x00000000e0500000|100%|HC|  |TAMS 0x00000000e0500000, 0x00000000e0400000| Complete 
|   5|0x00000000e0500000, 0x00000000e0600000, 0x00000000e0600000|100%|HC|  |TAMS 0x00000000e0600000, 0x00000000e0500000| Complete 
|   6|0x00000000e0600000, 0x00000000e0700000, 0x00000000e0700000|100%| O|  |TAMS 0x00000000e0700000, 0x00000000e0600000| Complete 
|   7|0x00000000e0700000, 0x00000000e0800000, 0x00000000e0800000|100%| O|  |TAMS 0x00000000e0800000, 0x00000000e0700000| Untracked 
|   8|0x00000000e0800000, 0x00000000e0900000, 0x00000000e0900000|100%| O|  |TAMS 0x00000000e0900000, 0x00000000e0800000| Untracked 
|   9|0x00000000e0900000, 0x00000000e0a00000, 0x00000000e0a00000|100%| O|  |TAMS 0x00000000e0a00000, 0x00000000e0900000| Untracked 
|  10|0x00000000e0a00000, 0x00000000e0a11400, 0x00000000e0b00000|  6%| O|  |TAMS 0x00000000e0a11400, 0x00000000e0a00000| Untracked 
|  11|0x00000000e0b00000, 0x00000000e0b00000, 0x00000000e0c00000|  0%| F|  |TAMS 0x00000000e0b00000, 0x00000000e0b00000| Untracked 
|  12|0x00000000e0c00000, 0x00000000e0c00000, 0x00000000e0d00000|  0%| F|  |TAMS 0x00000000e0c00000, 0x00000000e0c00000| Untracked 
|  13|0x00000000e0d00000, 0x00000000e0d00000, 0x00000000e0e00000|  0%| F|  |TAMS 0x00000000e0d00000, 0x00000000e0d00000| Untracked 
|  14|0x00000000e0e00000, 0x00000000e0e00000, 0x00000000e0f00000|  0%| F|  |TAMS 0x00000000e0e00000, 0x00000000e0e00000| Untracked 
|  15|0x00000000e0f00000, 0x00000000e0f00000, 0x00000000e1000000|  0%| F|  |TAMS 0x00000000e0f00000, 0x00000000e0f00000| Untracked 
|  16|0x00000000e1000000, 0x00000000e1000000, 0x00000000e1100000|  0%| F|  |TAMS 0x00000000e1000000, 0x00000000e1000000| Untracked 
|  17|0x00000000e1100000, 0x00000000e1100000, 0x00000000e1200000|  0%| F|  |TAMS 0x00000000e1100000, 0x00000000e1100000| Untracked 
|  18|0x00000000e1200000, 0x00000000e1200000, 0x00000000e1300000|  0%| F|  |TAMS 0x00000000e1200000, 0x00000000e1200000| Untracked 
|  19|0x00000000e1300000, 0x00000000e1300000, 0x00000000e1400000|  0%| F|  |TAMS 0x00000000e1300000, 0x00000000e1300000| Untracked 
|  20|0x00000000e1400000, 0x00000000e1400000, 0x00000000e1500000|  0%| F|  |TAMS 0x00000000e1400000, 0x00000000e1400000| Untracked 
|  21|0x00000000e1500000, 0x00000000e1500000, 0x00000000e1600000|  0%| F|  |TAMS 0x00000000e1500000, 0x00000000e1500000| Untracked 
|  22|0x00000000e1600000, 0x00000000e1600000, 0x00000000e1700000|  0%| F|  |TAMS 0x00000000e1600000, 0x00000000e1600000| Untracked 
|  23|0x00000000e1700000, 0x00000000e1700000, 0x00000000e1800000|  0%| F|  |TAMS 0x00000000e1700000, 0x00000000e1700000| Untracked 
|  24|0x00000000e1800000, 0x00000000e1800000, 0x00000000e1900000|  0%| F|  |TAMS 0x00000000e1800000, 0x00000000e1800000| Untracked 
|  25|0x00000000e1900000, 0x00000000e1900000, 0x00000000e1a00000|  0%| F|  |TAMS 0x00000000e1900000, 0x00000000e1900000| Untracked 
|  26|0x00000000e1a00000, 0x00000000e1a00000, 0x00000000e1b00000|  0%| F|  |TAMS 0x00000000e1a00000, 0x00000000e1a00000| Untracked 
|  27|0x00000000e1b00000, 0x00000000e1b00000, 0x00000000e1c00000|  0%| F|  |TAMS 0x00000000e1b00000, 0x00000000e1b00000| Untracked 
|  28|0x00000000e1c00000, 0x00000000e1c00000, 0x00000000e1d00000|  0%| F|  |TAMS 0x00000000e1c00000, 0x00000000e1c00000| Untracked 
|  29|0x00000000e1d00000, 0x00000000e1d00000, 0x00000000e1e00000|  0%| F|  |TAMS 0x00000000e1d00000, 0x00000000e1d00000| Untracked 
|  30|0x00000000e1e00000, 0x00000000e1e00000, 0x00000000e1f00000|  0%| F|  |TAMS 0x00000000e1e00000, 0x00000000e1e00000| Untracked 
|  31|0x00000000e1f00000, 0x00000000e1f00000, 0x00000000e2000000|  0%| F|  |TAMS 0x00000000e1f00000, 0x00000000e1f00000| Untracked 
|  32|0x00000000e2000000, 0x00000000e2000000, 0x00000000e2100000|  0%| F|  |TAMS 0x00000000e2000000, 0x00000000e2000000| Untracked 
|  33|0x00000000e2100000, 0x00000000e2100000, 0x00000000e2200000|  0%| F|  |TAMS 0x00000000e2100000, 0x00000000e2100000| Untracked 
|  34|0x00000000e2200000, 0x00000000e2200000, 0x00000000e2300000|  0%| F|  |TAMS 0x00000000e2200000, 0x00000000e2200000| Untracked 
|  35|0x00000000e2300000, 0x00000000e2300000, 0x00000000e2400000|  0%| F|  |TAMS 0x00000000e2300000, 0x00000000e2300000| Untracked 
|  36|0x00000000e2400000, 0x00000000e2400000, 0x00000000e2500000|  0%| F|  |TAMS 0x00000000e2400000, 0x00000000e2400000| Untracked 
|  37|0x00000000e2500000, 0x00000000e2500000, 0x00000000e2600000|  0%| F|  |TAMS 0x00000000e2500000, 0x00000000e2500000| Untracked 
|  38|0x00000000e2600000, 0x00000000e2600000, 0x00000000e2700000|  0%| F|  |TAMS 0x00000000e2600000, 0x00000000e2600000| Untracked 
|  39|0x00000000e2700000, 0x00000000e2700000, 0x00000000e2800000|  0%| F|  |TAMS 0x00000000e2700000, 0x00000000e2700000| Untracked 
|  40|0x00000000e2800000, 0x00000000e2800000, 0x00000000e2900000|  0%| F|  |TAMS 0x00000000e2800000, 0x00000000e2800000| Untracked 
|  41|0x00000000e2900000, 0x00000000e2900000, 0x00000000e2a00000|  0%| F|  |TAMS 0x00000000e2900000, 0x00000000e2900000| Untracked 
|  42|0x00000000e2a00000, 0x00000000e2a00000, 0x00000000e2b00000|  0%| F|  |TAMS 0x00000000e2a00000, 0x00000000e2a00000| Untracked 
|  43|0x00000000e2b00000, 0x00000000e2b00000, 0x00000000e2c00000|  0%| F|  |TAMS 0x00000000e2b00000, 0x00000000e2b00000| Untracked 
|  44|0x00000000e2c00000, 0x00000000e2c00000, 0x00000000e2d00000|  0%| F|  |TAMS 0x00000000e2c00000, 0x00000000e2c00000| Untracked 
|  45|0x00000000e2d00000, 0x00000000e2d00000, 0x00000000e2e00000|  0%| F|  |TAMS 0x00000000e2d00000, 0x00000000e2d00000| Untracked 
|  46|0x00000000e2e00000, 0x00000000e2e00000, 0x00000000e2f00000|  0%| F|  |TAMS 0x00000000e2e00000, 0x00000000e2e00000| Untracked 
|  47|0x00000000e2f00000, 0x00000000e2f00000, 0x00000000e3000000|  0%| F|  |TAMS 0x00000000e2f00000, 0x00000000e2f00000| Untracked 
|  48|0x00000000e3000000, 0x00000000e3000000, 0x00000000e3100000|  0%| F|  |TAMS 0x00000000e3000000, 0x00000000e3000000| Untracked 
|  49|0x00000000e3100000, 0x00000000e3100000, 0x00000000e3200000|  0%| F|  |TAMS 0x00000000e3100000, 0x00000000e3100000| Untracked 
|  50|0x00000000e3200000, 0x00000000e3200000, 0x00000000e3300000|  0%| F|  |TAMS 0x00000000e3200000, 0x00000000e3200000| Untracked 
|  51|0x00000000e3300000, 0x00000000e3300000, 0x00000000e3400000|  0%| F|  |TAMS 0x00000000e3300000, 0x00000000e3300000| Untracked 
|  52|0x00000000e3400000, 0x00000000e3400000, 0x00000000e3500000|  0%| F|  |TAMS 0x00000000e3400000, 0x00000000e3400000| Untracked 
|  53|0x00000000e3500000, 0x00000000e3500000, 0x00000000e3600000|  0%| F|  |TAMS 0x00000000e3500000, 0x00000000e3500000| Untracked 
|  54|0x00000000e3600000, 0x00000000e3600000, 0x00000000e3700000|  0%| F|  |TAMS 0x00000000e3600000, 0x00000000e3600000| Untracked 
|  55|0x00000000e3700000, 0x00000000e3700000, 0x00000000e3800000|  0%| F|  |TAMS 0x00000000e3700000, 0x00000000e3700000| Untracked 
|  56|0x00000000e3800000, 0x00000000e3800000, 0x00000000e3900000|  0%| F|  |TAMS 0x00000000e3800000, 0x00000000e3800000| Untracked 
|  57|0x00000000e3900000, 0x00000000e3900000, 0x00000000e3a00000|  0%| F|  |TAMS 0x00000000e3900000, 0x00000000e3900000| Untracked 
|  58|0x00000000e3a00000, 0x00000000e3a00000, 0x00000000e3b00000|  0%| F|  |TAMS 0x00000000e3a00000, 0x00000000e3a00000| Untracked 
|  59|0x00000000e3b00000, 0x00000000e3b00000, 0x00000000e3c00000|  0%| F|  |TAMS 0x00000000e3b00000, 0x00000000e3b00000| Untracked 
|  60|0x00000000e3c00000, 0x00000000e3c00000, 0x00000000e3d00000|  0%| F|  |TAMS 0x00000000e3c00000, 0x00000000e3c00000| Untracked 
|  61|0x00000000e3d00000, 0x00000000e3d00000, 0x00000000e3e00000|  0%| F|  |TAMS 0x00000000e3d00000, 0x00000000e3d00000| Untracked 
|  62|0x00000000e3e00000, 0x00000000e3e00000, 0x00000000e3f00000|  0%| F|  |TAMS 0x00000000e3e00000, 0x00000000e3e00000| Untracked 
|  63|0x00000000e3f00000, 0x00000000e3f00000, 0x00000000e4000000|  0%| F|  |TAMS 0x00000000e3f00000, 0x00000000e3f00000| Untracked 
|  64|0x00000000e4000000, 0x00000000e4000000, 0x00000000e4100000|  0%| F|  |TAMS 0x00000000e4000000, 0x00000000e4000000| Untracked 
|  65|0x00000000e4100000, 0x00000000e4100000, 0x00000000e4200000|  0%| F|  |TAMS 0x00000000e4100000, 0x00000000e4100000| Untracked 
|  66|0x00000000e4200000, 0x00000000e4200000, 0x00000000e4300000|  0%| F|  |TAMS 0x00000000e4200000, 0x00000000e4200000| Untracked 
|  67|0x00000000e4300000, 0x00000000e4300000, 0x00000000e4400000|  0%| F|  |TAMS 0x00000000e4300000, 0x00000000e4300000| Untracked 
|  68|0x00000000e4400000, 0x00000000e4400000, 0x00000000e4500000|  0%| F|  |TAMS 0x00000000e4400000, 0x00000000e4400000| Untracked 
|  69|0x00000000e4500000, 0x00000000e4500000, 0x00000000e4600000|  0%| F|  |TAMS 0x00000000e4500000, 0x00000000e4500000| Untracked 
|  70|0x00000000e4600000, 0x00000000e4600000, 0x00000000e4700000|  0%| F|  |TAMS 0x00000000e4600000, 0x00000000e4600000| Untracked 
|  71|0x00000000e4700000, 0x00000000e4700000, 0x00000000e4800000|  0%| F|  |TAMS 0x00000000e4700000, 0x00000000e4700000| Untracked 
|  72|0x00000000e4800000, 0x00000000e4800000, 0x00000000e4900000|  0%| F|  |TAMS 0x00000000e4800000, 0x00000000e4800000| Untracked 
|  73|0x00000000e4900000, 0x00000000e4900000, 0x00000000e4a00000|  0%| F|  |TAMS 0x00000000e4900000, 0x00000000e4900000| Untracked 
|  74|0x00000000e4a00000, 0x00000000e4a00000, 0x00000000e4b00000|  0%| F|  |TAMS 0x00000000e4a00000, 0x00000000e4a00000| Untracked 
|  75|0x00000000e4b00000, 0x00000000e4b00000, 0x00000000e4c00000|  0%| F|  |TAMS 0x00000000e4b00000, 0x00000000e4b00000| Untracked 
|  76|0x00000000e4c00000, 0x00000000e4c00000, 0x00000000e4d00000|  0%| F|  |TAMS 0x00000000e4c00000, 0x00000000e4c00000| Untracked 
|  77|0x00000000e4d00000, 0x00000000e4d00000, 0x00000000e4e00000|  0%| F|  |TAMS 0x00000000e4d00000, 0x00000000e4d00000| Untracked 
|  78|0x00000000e4e00000, 0x00000000e4e00000, 0x00000000e4f00000|  0%| F|  |TAMS 0x00000000e4e00000, 0x00000000e4e00000| Untracked 
|  79|0x00000000e4f00000, 0x00000000e4f00000, 0x00000000e5000000|  0%| F|  |TAMS 0x00000000e4f00000, 0x00000000e4f00000| Untracked 
|  80|0x00000000e5000000, 0x00000000e5000000, 0x00000000e5100000|  0%| F|  |TAMS 0x00000000e5000000, 0x00000000e5000000| Untracked 
|  81|0x00000000e5100000, 0x00000000e5100000, 0x00000000e5200000|  0%| F|  |TAMS 0x00000000e5100000, 0x00000000e5100000| Untracked 
|  82|0x00000000e5200000, 0x00000000e5200000, 0x00000000e5300000|  0%| F|  |TAMS 0x00000000e5200000, 0x00000000e5200000| Untracked 
|  83|0x00000000e5300000, 0x00000000e5300000, 0x00000000e5400000|  0%| F|  |TAMS 0x00000000e5300000, 0x00000000e5300000| Untracked 
|  84|0x00000000e5400000, 0x00000000e5400000, 0x00000000e5500000|  0%| F|  |TAMS 0x00000000e5400000, 0x00000000e5400000| Untracked 
|  85|0x00000000e5500000, 0x00000000e5500000, 0x00000000e5600000|  0%| F|  |TAMS 0x00000000e5500000, 0x00000000e5500000| Untracked 
|  86|0x00000000e5600000, 0x00000000e5600000, 0x00000000e5700000|  0%| F|  |TAMS 0x00000000e5600000, 0x00000000e5600000| Untracked 
|  87|0x00000000e5700000, 0x00000000e5700000, 0x00000000e5800000|  0%| F|  |TAMS 0x00000000e5700000, 0x00000000e5700000| Untracked 
|  88|0x00000000e5800000, 0x00000000e5800000, 0x00000000e5900000|  0%| F|  |TAMS 0x00000000e5800000, 0x00000000e5800000| Untracked 
|  89|0x00000000e5900000, 0x00000000e5900000, 0x00000000e5a00000|  0%| F|  |TAMS 0x00000000e5900000, 0x00000000e5900000| Untracked 
|  90|0x00000000e5a00000, 0x00000000e5a00000, 0x00000000e5b00000|  0%| F|  |TAMS 0x00000000e5a00000, 0x00000000e5a00000| Untracked 
|  91|0x00000000e5b00000, 0x00000000e5b00000, 0x00000000e5c00000|  0%| F|  |TAMS 0x00000000e5b00000, 0x00000000e5b00000| Untracked 
|  92|0x00000000e5c00000, 0x00000000e5c00000, 0x00000000e5d00000|  0%| F|  |TAMS 0x00000000e5c00000, 0x00000000e5c00000| Untracked 
|  93|0x00000000e5d00000, 0x00000000e5d00000, 0x00000000e5e00000|  0%| F|  |TAMS 0x00000000e5d00000, 0x00000000e5d00000| Untracked 
|  94|0x00000000e5e00000, 0x00000000e5e00000, 0x00000000e5f00000|  0%| F|  |TAMS 0x00000000e5e00000, 0x00000000e5e00000| Untracked 
|  95|0x00000000e5f00000, 0x00000000e5f00000, 0x00000000e6000000|  0%| F|  |TAMS 0x00000000e5f00000, 0x00000000e5f00000| Untracked 
|  96|0x00000000e6000000, 0x00000000e6000000, 0x00000000e6100000|  0%| F|  |TAMS 0x00000000e6000000, 0x00000000e6000000| Untracked 
|  97|0x00000000e6100000, 0x00000000e6100000, 0x00000000e6200000|  0%| F|  |TAMS 0x00000000e6100000, 0x00000000e6100000| Untracked 
|  98|0x00000000e6200000, 0x00000000e6200000, 0x00000000e6300000|  0%| F|  |TAMS 0x00000000e6200000, 0x00000000e6200000| Untracked 
|  99|0x00000000e6300000, 0x00000000e6300000, 0x00000000e6400000|  0%| F|  |TAMS 0x00000000e6300000, 0x00000000e6300000| Untracked 
| 100|0x00000000e6400000, 0x00000000e6400000, 0x00000000e6500000|  0%| F|  |TAMS 0x00000000e6400000, 0x00000000e6400000| Untracked 
| 101|0x00000000e6500000, 0x00000000e6500000, 0x00000000e6600000|  0%| F|  |TAMS 0x00000000e6500000, 0x00000000e6500000| Untracked 
| 102|0x00000000e6600000, 0x00000000e6600000, 0x00000000e6700000|  0%| F|  |TAMS 0x00000000e6600000, 0x00000000e6600000| Untracked 
| 103|0x00000000e6700000, 0x00000000e6700000, 0x00000000e6800000|  0%| F|  |TAMS 0x00000000e6700000, 0x00000000e6700000| Untracked 
| 104|0x00000000e6800000, 0x00000000e6800000, 0x00000000e6900000|  0%| F|  |TAMS 0x00000000e6800000, 0x00000000e6800000| Untracked 
| 105|0x00000000e6900000, 0x00000000e6900000, 0x00000000e6a00000|  0%| F|  |TAMS 0x00000000e6900000, 0x00000000e6900000| Untracked 
| 106|0x00000000e6a00000, 0x00000000e6a00000, 0x00000000e6b00000|  0%| F|  |TAMS 0x00000000e6a00000, 0x00000000e6a00000| Untracked 
| 107|0x00000000e6b00000, 0x00000000e6b00000, 0x00000000e6c00000|  0%| F|  |TAMS 0x00000000e6b00000, 0x00000000e6b00000| Untracked 
| 108|0x00000000e6c00000, 0x00000000e6c00000, 0x00000000e6d00000|  0%| F|  |TAMS 0x00000000e6c00000, 0x00000000e6c00000| Untracked 
| 109|0x00000000e6d00000, 0x00000000e6d00000, 0x00000000e6e00000|  0%| F|  |TAMS 0x00000000e6d00000, 0x00000000e6d00000| Untracked 
| 110|0x00000000e6e00000, 0x00000000e6e00000, 0x00000000e6f00000|  0%| F|  |TAMS 0x00000000e6e00000, 0x00000000e6e00000| Untracked 
| 111|0x00000000e6f00000, 0x00000000e6f00000, 0x00000000e7000000|  0%| F|  |TAMS 0x00000000e6f00000, 0x00000000e6f00000| Untracked 
| 112|0x00000000e7000000, 0x00000000e7000000, 0x00000000e7100000|  0%| F|  |TAMS 0x00000000e7000000, 0x00000000e7000000| Untracked 
| 113|0x00000000e7100000, 0x00000000e7100000, 0x00000000e7200000|  0%| F|  |TAMS 0x00000000e7100000, 0x00000000e7100000| Untracked 
| 114|0x00000000e7200000, 0x00000000e7200000, 0x00000000e7300000|  0%| F|  |TAMS 0x00000000e7200000, 0x00000000e7200000| Untracked 
| 115|0x00000000e7300000, 0x00000000e7300000, 0x00000000e7400000|  0%| F|  |TAMS 0x00000000e7300000, 0x00000000e7300000| Untracked 
| 116|0x00000000e7400000, 0x00000000e7400000, 0x00000000e7500000|  0%| F|  |TAMS 0x00000000e7400000, 0x00000000e7400000| Untracked 
| 117|0x00000000e7500000, 0x00000000e7500000, 0x00000000e7600000|  0%| F|  |TAMS 0x00000000e7500000, 0x00000000e7500000| Untracked 
| 118|0x00000000e7600000, 0x00000000e7600000, 0x00000000e7700000|  0%| F|  |TAMS 0x00000000e7600000, 0x00000000e7600000| Untracked 
| 119|0x00000000e7700000, 0x00000000e7700000, 0x00000000e7800000|  0%| F|  |TAMS 0x00000000e7700000, 0x00000000e7700000| Untracked 
| 120|0x00000000e7800000, 0x00000000e7800000, 0x00000000e7900000|  0%| F|  |TAMS 0x00000000e7800000, 0x00000000e7800000| Untracked 
| 121|0x00000000e7900000, 0x00000000e7900000, 0x00000000e7a00000|  0%| F|  |TAMS 0x00000000e7900000, 0x00000000e7900000| Untracked 
| 122|0x00000000e7a00000, 0x00000000e7a00000, 0x00000000e7b00000|  0%| F|  |TAMS 0x00000000e7a00000, 0x00000000e7a00000| Untracked 
| 123|0x00000000e7b00000, 0x00000000e7b00000, 0x00000000e7c00000|  0%| F|  |TAMS 0x00000000e7b00000, 0x00000000e7b00000| Untracked 
| 124|0x00000000e7c00000, 0x00000000e7c00000, 0x00000000e7d00000|  0%| F|  |TAMS 0x00000000e7c00000, 0x00000000e7c00000| Untracked 
| 125|0x00000000e7d00000, 0x00000000e7d00000, 0x00000000e7e00000|  0%| F|  |TAMS 0x00000000e7d00000, 0x00000000e7d00000| Untracked 
| 126|0x00000000e7e00000, 0x00000000e7e00000, 0x00000000e7f00000|  0%| F|  |TAMS 0x00000000e7e00000, 0x00000000e7e00000| Untracked 
| 127|0x00000000e7f00000, 0x00000000e7f00000, 0x00000000e8000000|  0%| F|  |TAMS 0x00000000e7f00000, 0x00000000e7f00000| Untracked 
| 128|0x00000000e8000000, 0x00000000e8000000, 0x00000000e8100000|  0%| F|  |TAMS 0x00000000e8000000, 0x00000000e8000000| Untracked 
| 129|0x00000000e8100000, 0x00000000e8100000, 0x00000000e8200000|  0%| F|  |TAMS 0x00000000e8100000, 0x00000000e8100000| Untracked 
| 130|0x00000000e8200000, 0x00000000e8200000, 0x00000000e8300000|  0%| F|  |TAMS 0x00000000e8200000, 0x00000000e8200000| Untracked 
| 131|0x00000000e8300000, 0x00000000e8300000, 0x00000000e8400000|  0%| F|  |TAMS 0x00000000e8300000, 0x00000000e8300000| Untracked 
| 132|0x00000000e8400000, 0x00000000e8400000, 0x00000000e8500000|  0%| F|  |TAMS 0x00000000e8400000, 0x00000000e8400000| Untracked 
| 133|0x00000000e8500000, 0x00000000e8500000, 0x00000000e8600000|  0%| F|  |TAMS 0x00000000e8500000, 0x00000000e8500000| Untracked 
| 134|0x00000000e8600000, 0x00000000e8600000, 0x00000000e8700000|  0%| F|  |TAMS 0x00000000e8600000, 0x00000000e8600000| Untracked 
| 135|0x00000000e8700000, 0x00000000e8700000, 0x00000000e8800000|  0%| F|  |TAMS 0x00000000e8700000, 0x00000000e8700000| Untracked 
| 136|0x00000000e8800000, 0x00000000e8800000, 0x00000000e8900000|  0%| F|  |TAMS 0x00000000e8800000, 0x00000000e8800000| Untracked 
| 137|0x00000000e8900000, 0x00000000e8900000, 0x00000000e8a00000|  0%| F|  |TAMS 0x00000000e8900000, 0x00000000e8900000| Untracked 
| 138|0x00000000e8a00000, 0x00000000e8a00000, 0x00000000e8b00000|  0%| F|  |TAMS 0x00000000e8a00000, 0x00000000e8a00000| Untracked 
| 139|0x00000000e8b00000, 0x00000000e8b00000, 0x00000000e8c00000|  0%| F|  |TAMS 0x00000000e8b00000, 0x00000000e8b00000| Untracked 
| 140|0x00000000e8c00000, 0x00000000e8c00000, 0x00000000e8d00000|  0%| F|  |TAMS 0x00000000e8c00000, 0x00000000e8c00000| Untracked 
| 141|0x00000000e8d00000, 0x00000000e8dc5520, 0x00000000e8e00000| 77%| S|CS|TAMS 0x00000000e8d00000, 0x00000000e8d00000| Complete 
| 142|0x00000000e8e00000, 0x00000000e8f00000, 0x00000000e8f00000|100%| S|CS|TAMS 0x00000000e8e00000, 0x00000000e8e00000| Complete 
| 143|0x00000000e8f00000, 0x00000000e9000000, 0x00000000e9000000|100%| S|CS|TAMS 0x00000000e8f00000, 0x00000000e8f00000| Complete 
| 144|0x00000000e9000000, 0x00000000e9100000, 0x00000000e9100000|100%| S|CS|TAMS 0x00000000e9000000, 0x00000000e9000000| Complete 
| 145|0x00000000e9100000, 0x00000000e9200000, 0x00000000e9200000|100%| S|CS|TAMS 0x00000000e9100000, 0x00000000e9100000| Complete 
| 146|0x00000000e9200000, 0x00000000e9300000, 0x00000000e9300000|100%| S|CS|TAMS 0x00000000e9200000, 0x00000000e9200000| Complete 
| 147|0x00000000e9300000, 0x00000000e9400000, 0x00000000e9400000|100%| S|CS|TAMS 0x00000000e9300000, 0x00000000e9300000| Complete 
| 148|0x00000000e9400000, 0x00000000e9500000, 0x00000000e9500000|100%| S|CS|TAMS 0x00000000e9400000, 0x00000000e9400000| Complete 
| 149|0x00000000e9500000, 0x00000000e9600000, 0x00000000e9600000|100%| S|CS|TAMS 0x00000000e9500000, 0x00000000e9500000| Complete 
| 150|0x00000000e9600000, 0x00000000e9700000, 0x00000000e9700000|100%| S|CS|TAMS 0x00000000e9600000, 0x00000000e9600000| Complete 
| 151|0x00000000e9700000, 0x00000000e9800000, 0x00000000e9800000|100%| S|CS|TAMS 0x00000000e9700000, 0x00000000e9700000| Complete 
| 152|0x00000000e9800000, 0x00000000e9900000, 0x00000000e9900000|100%| S|CS|TAMS 0x00000000e9800000, 0x00000000e9800000| Complete 
| 153|0x00000000e9900000, 0x00000000e9900000, 0x00000000e9a00000|  0%| F|  |TAMS 0x00000000e9900000, 0x00000000e9900000| Untracked 
| 154|0x00000000e9a00000, 0x00000000e9a00000, 0x00000000e9b00000|  0%| F|  |TAMS 0x00000000e9a00000, 0x00000000e9a00000| Untracked 
| 155|0x00000000e9b00000, 0x00000000e9b00000, 0x00000000e9c00000|  0%| F|  |TAMS 0x00000000e9b00000, 0x00000000e9b00000| Untracked 
| 156|0x00000000e9c00000, 0x00000000e9c00000, 0x00000000e9d00000|  0%| F|  |TAMS 0x00000000e9c00000, 0x00000000e9c00000| Untracked 
| 157|0x00000000e9d00000, 0x00000000e9d00000, 0x00000000e9e00000|  0%| F|  |TAMS 0x00000000e9d00000, 0x00000000e9d00000| Untracked 
| 158|0x00000000e9e00000, 0x00000000e9e00000, 0x00000000e9f00000|  0%| F|  |TAMS 0x00000000e9e00000, 0x00000000e9e00000| Untracked 
| 159|0x00000000e9f00000, 0x00000000e9f00000, 0x00000000ea000000|  0%| F|  |TAMS 0x00000000e9f00000, 0x00000000e9f00000| Untracked 
| 160|0x00000000ea000000, 0x00000000ea000000, 0x00000000ea100000|  0%| F|  |TAMS 0x00000000ea000000, 0x00000000ea000000| Untracked 
| 161|0x00000000ea100000, 0x00000000ea100000, 0x00000000ea200000|  0%| F|  |TAMS 0x00000000ea100000, 0x00000000ea100000| Untracked 
| 162|0x00000000ea200000, 0x00000000ea200000, 0x00000000ea300000|  0%| F|  |TAMS 0x00000000ea200000, 0x00000000ea200000| Untracked 
| 163|0x00000000ea300000, 0x00000000ea300000, 0x00000000ea400000|  0%| F|  |TAMS 0x00000000ea300000, 0x00000000ea300000| Untracked 
| 164|0x00000000ea400000, 0x00000000ea400000, 0x00000000ea500000|  0%| F|  |TAMS 0x00000000ea400000, 0x00000000ea400000| Untracked 
| 165|0x00000000ea500000, 0x00000000ea500000, 0x00000000ea600000|  0%| F|  |TAMS 0x00000000ea500000, 0x00000000ea500000| Untracked 
| 166|0x00000000ea600000, 0x00000000ea600000, 0x00000000ea700000|  0%| F|  |TAMS 0x00000000ea600000, 0x00000000ea600000| Untracked 
| 167|0x00000000ea700000, 0x00000000ea700000, 0x00000000ea800000|  0%| F|  |TAMS 0x00000000ea700000, 0x00000000ea700000| Untracked 
| 168|0x00000000ea800000, 0x00000000ea800000, 0x00000000ea900000|  0%| F|  |TAMS 0x00000000ea800000, 0x00000000ea800000| Untracked 
| 169|0x00000000ea900000, 0x00000000ea900000, 0x00000000eaa00000|  0%| F|  |TAMS 0x00000000ea900000, 0x00000000ea900000| Untracked 
| 170|0x00000000eaa00000, 0x00000000eaa00000, 0x00000000eab00000|  0%| F|  |TAMS 0x00000000eaa00000, 0x00000000eaa00000| Untracked 
| 171|0x00000000eab00000, 0x00000000eab00000, 0x00000000eac00000|  0%| F|  |TAMS 0x00000000eab00000, 0x00000000eab00000| Untracked 
| 172|0x00000000eac00000, 0x00000000eac00000, 0x00000000ead00000|  0%| F|  |TAMS 0x00000000eac00000, 0x00000000eac00000| Untracked 
| 173|0x00000000ead00000, 0x00000000ead00000, 0x00000000eae00000|  0%| F|  |TAMS 0x00000000ead00000, 0x00000000ead00000| Untracked 
| 174|0x00000000eae00000, 0x00000000eae00000, 0x00000000eaf00000|  0%| F|  |TAMS 0x00000000eae00000, 0x00000000eae00000| Untracked 
| 175|0x00000000eaf00000, 0x00000000eaf00000, 0x00000000eb000000|  0%| F|  |TAMS 0x00000000eaf00000, 0x00000000eaf00000| Untracked 
| 176|0x00000000eb000000, 0x00000000eb000000, 0x00000000eb100000|  0%| F|  |TAMS 0x00000000eb000000, 0x00000000eb000000| Untracked 
| 177|0x00000000eb100000, 0x00000000eb100000, 0x00000000eb200000|  0%| F|  |TAMS 0x00000000eb100000, 0x00000000eb100000| Untracked 
| 178|0x00000000eb200000, 0x00000000eb200000, 0x00000000eb300000|  0%| F|  |TAMS 0x00000000eb200000, 0x00000000eb200000| Untracked 
| 179|0x00000000eb300000, 0x00000000eb300000, 0x00000000eb400000|  0%| F|  |TAMS 0x00000000eb300000, 0x00000000eb300000| Untracked 
| 180|0x00000000eb400000, 0x00000000eb400000, 0x00000000eb500000|  0%| F|  |TAMS 0x00000000eb400000, 0x00000000eb400000| Untracked 
| 181|0x00000000eb500000, 0x00000000eb500000, 0x00000000eb600000|  0%| F|  |TAMS 0x00000000eb500000, 0x00000000eb500000| Untracked 
| 182|0x00000000eb600000, 0x00000000eb600000, 0x00000000eb700000|  0%| F|  |TAMS 0x00000000eb600000, 0x00000000eb600000| Untracked 
| 183|0x00000000eb700000, 0x00000000eb700000, 0x00000000eb800000|  0%| F|  |TAMS 0x00000000eb700000, 0x00000000eb700000| Untracked 
| 184|0x00000000eb800000, 0x00000000eb800000, 0x00000000eb900000|  0%| F|  |TAMS 0x00000000eb800000, 0x00000000eb800000| Untracked 
| 185|0x00000000eb900000, 0x00000000eb900000, 0x00000000eba00000|  0%| F|  |TAMS 0x00000000eb900000, 0x00000000eb900000| Untracked 
| 186|0x00000000eba00000, 0x00000000eba00000, 0x00000000ebb00000|  0%| F|  |TAMS 0x00000000eba00000, 0x00000000eba00000| Untracked 
| 187|0x00000000ebb00000, 0x00000000ebb00000, 0x00000000ebc00000|  0%| F|  |TAMS 0x00000000ebb00000, 0x00000000ebb00000| Untracked 
| 188|0x00000000ebc00000, 0x00000000ebc00000, 0x00000000ebd00000|  0%| F|  |TAMS 0x00000000ebc00000, 0x00000000ebc00000| Untracked 
| 189|0x00000000ebd00000, 0x00000000ebd00000, 0x00000000ebe00000|  0%| F|  |TAMS 0x00000000ebd00000, 0x00000000ebd00000| Untracked 
| 190|0x00000000ebe00000, 0x00000000ebe00000, 0x00000000ebf00000|  0%| F|  |TAMS 0x00000000ebe00000, 0x00000000ebe00000| Untracked 
| 191|0x00000000ebf00000, 0x00000000ebf00000, 0x00000000ec000000|  0%| F|  |TAMS 0x00000000ebf00000, 0x00000000ebf00000| Untracked 
| 192|0x00000000ec000000, 0x00000000ec000000, 0x00000000ec100000|  0%| F|  |TAMS 0x00000000ec000000, 0x00000000ec000000| Untracked 
| 193|0x00000000ec100000, 0x00000000ec100000, 0x00000000ec200000|  0%| F|  |TAMS 0x00000000ec100000, 0x00000000ec100000| Untracked 
| 194|0x00000000ec200000, 0x00000000ec200000, 0x00000000ec300000|  0%| F|  |TAMS 0x00000000ec200000, 0x00000000ec200000| Untracked 
| 195|0x00000000ec300000, 0x00000000ec300000, 0x00000000ec400000|  0%| F|  |TAMS 0x00000000ec300000, 0x00000000ec300000| Untracked 
| 196|0x00000000ec400000, 0x00000000ec400000, 0x00000000ec500000|  0%| F|  |TAMS 0x00000000ec400000, 0x00000000ec400000| Untracked 
| 197|0x00000000ec500000, 0x00000000ec500000, 0x00000000ec600000|  0%| F|  |TAMS 0x00000000ec500000, 0x00000000ec500000| Untracked 
| 198|0x00000000ec600000, 0x00000000ec600000, 0x00000000ec700000|  0%| F|  |TAMS 0x00000000ec600000, 0x00000000ec600000| Untracked 
| 199|0x00000000ec700000, 0x00000000ec700000, 0x00000000ec800000|  0%| F|  |TAMS 0x00000000ec700000, 0x00000000ec700000| Untracked 
| 200|0x00000000ec800000, 0x00000000ec800000, 0x00000000ec900000|  0%| F|  |TAMS 0x00000000ec800000, 0x00000000ec800000| Untracked 
| 201|0x00000000ec900000, 0x00000000ec900000, 0x00000000eca00000|  0%| F|  |TAMS 0x00000000ec900000, 0x00000000ec900000| Untracked 
| 202|0x00000000eca00000, 0x00000000eca00000, 0x00000000ecb00000|  0%| F|  |TAMS 0x00000000eca00000, 0x00000000eca00000| Untracked 
| 203|0x00000000ecb00000, 0x00000000ecb00000, 0x00000000ecc00000|  0%| F|  |TAMS 0x00000000ecb00000, 0x00000000ecb00000| Untracked 
| 204|0x00000000ecc00000, 0x00000000ecc00000, 0x00000000ecd00000|  0%| F|  |TAMS 0x00000000ecc00000, 0x00000000ecc00000| Untracked 
| 205|0x00000000ecd00000, 0x00000000ecd00000, 0x00000000ece00000|  0%| F|  |TAMS 0x00000000ecd00000, 0x00000000ecd00000| Untracked 
| 206|0x00000000ece00000, 0x00000000ece00000, 0x00000000ecf00000|  0%| F|  |TAMS 0x00000000ece00000, 0x00000000ece00000| Untracked 
| 207|0x00000000ecf00000, 0x00000000ecf00000, 0x00000000ed000000|  0%| F|  |TAMS 0x00000000ecf00000, 0x00000000ecf00000| Untracked 
| 208|0x00000000ed000000, 0x00000000ed000000, 0x00000000ed100000|  0%| F|  |TAMS 0x00000000ed000000, 0x00000000ed000000| Untracked 
| 209|0x00000000ed100000, 0x00000000ed100000, 0x00000000ed200000|  0%| F|  |TAMS 0x00000000ed100000, 0x00000000ed100000| Untracked 
| 210|0x00000000ed200000, 0x00000000ed200000, 0x00000000ed300000|  0%| F|  |TAMS 0x00000000ed200000, 0x00000000ed200000| Untracked 
| 211|0x00000000ed300000, 0x00000000ed300000, 0x00000000ed400000|  0%| F|  |TAMS 0x00000000ed300000, 0x00000000ed300000| Untracked 
| 212|0x00000000ed400000, 0x00000000ed400000, 0x00000000ed500000|  0%| F|  |TAMS 0x00000000ed400000, 0x00000000ed400000| Untracked 
| 213|0x00000000ed500000, 0x00000000ed500000, 0x00000000ed600000|  0%| F|  |TAMS 0x00000000ed500000, 0x00000000ed500000| Untracked 
| 214|0x00000000ed600000, 0x00000000ed600000, 0x00000000ed700000|  0%| F|  |TAMS 0x00000000ed600000, 0x00000000ed600000| Untracked 
| 215|0x00000000ed700000, 0x00000000ed700000, 0x00000000ed800000|  0%| F|  |TAMS 0x00000000ed700000, 0x00000000ed700000| Untracked 
| 216|0x00000000ed800000, 0x00000000ed800000, 0x00000000ed900000|  0%| F|  |TAMS 0x00000000ed800000, 0x00000000ed800000| Untracked 
| 217|0x00000000ed900000, 0x00000000ed900000, 0x00000000eda00000|  0%| F|  |TAMS 0x00000000ed900000, 0x00000000ed900000| Untracked 
| 218|0x00000000eda00000, 0x00000000eda00000, 0x00000000edb00000|  0%| F|  |TAMS 0x00000000eda00000, 0x00000000eda00000| Untracked 
| 219|0x00000000edb00000, 0x00000000edb00000, 0x00000000edc00000|  0%| F|  |TAMS 0x00000000edb00000, 0x00000000edb00000| Untracked 
| 220|0x00000000edc00000, 0x00000000edc00000, 0x00000000edd00000|  0%| F|  |TAMS 0x00000000edc00000, 0x00000000edc00000| Untracked 
| 221|0x00000000edd00000, 0x00000000edd00000, 0x00000000ede00000|  0%| F|  |TAMS 0x00000000edd00000, 0x00000000edd00000| Untracked 
| 222|0x00000000ede00000, 0x00000000ede00000, 0x00000000edf00000|  0%| F|  |TAMS 0x00000000ede00000, 0x00000000ede00000| Untracked 
| 223|0x00000000edf00000, 0x00000000edf00000, 0x00000000ee000000|  0%| F|  |TAMS 0x00000000edf00000, 0x00000000edf00000| Untracked 
| 224|0x00000000ee000000, 0x00000000ee000000, 0x00000000ee100000|  0%| F|  |TAMS 0x00000000ee000000, 0x00000000ee000000| Untracked 
| 225|0x00000000ee100000, 0x00000000ee100000, 0x00000000ee200000|  0%| F|  |TAMS 0x00000000ee100000, 0x00000000ee100000| Untracked 
| 226|0x00000000ee200000, 0x00000000ee200000, 0x00000000ee300000|  0%| F|  |TAMS 0x00000000ee200000, 0x00000000ee200000| Untracked 
| 227|0x00000000ee300000, 0x00000000ee300000, 0x00000000ee400000|  0%| F|  |TAMS 0x00000000ee300000, 0x00000000ee300000| Untracked 
| 228|0x00000000ee400000, 0x00000000ee400000, 0x00000000ee500000|  0%| F|  |TAMS 0x00000000ee400000, 0x00000000ee400000| Untracked 
| 229|0x00000000ee500000, 0x00000000ee500000, 0x00000000ee600000|  0%| F|  |TAMS 0x00000000ee500000, 0x00000000ee500000| Untracked 
| 230|0x00000000ee600000, 0x00000000ee600000, 0x00000000ee700000|  0%| F|  |TAMS 0x00000000ee600000, 0x00000000ee600000| Untracked 
| 231|0x00000000ee700000, 0x00000000ee700000, 0x00000000ee800000|  0%| F|  |TAMS 0x00000000ee700000, 0x00000000ee700000| Untracked 
| 232|0x00000000ee800000, 0x00000000ee900000, 0x00000000ee900000|100%| E|  |TAMS 0x00000000ee800000, 0x00000000ee800000| Complete 
| 233|0x00000000ee900000, 0x00000000eea00000, 0x00000000eea00000|100%| E|CS|TAMS 0x00000000ee900000, 0x00000000ee900000| Complete 
| 234|0x00000000eea00000, 0x00000000eeb00000, 0x00000000eeb00000|100%| E|CS|TAMS 0x00000000eea00000, 0x00000000eea00000| Complete 
| 235|0x00000000eeb00000, 0x00000000eec00000, 0x00000000eec00000|100%| E|CS|TAMS 0x00000000eeb00000, 0x00000000eeb00000| Complete 
| 236|0x00000000eec00000, 0x00000000eed00000, 0x00000000eed00000|100%| E|CS|TAMS 0x00000000eec00000, 0x00000000eec00000| Complete 
| 237|0x00000000eed00000, 0x00000000eee00000, 0x00000000eee00000|100%| E|CS|TAMS 0x00000000eed00000, 0x00000000eed00000| Complete 
| 238|0x00000000eee00000, 0x00000000eef00000, 0x00000000eef00000|100%| E|CS|TAMS 0x00000000eee00000, 0x00000000eee00000| Complete 
| 239|0x00000000eef00000, 0x00000000ef000000, 0x00000000ef000000|100%| E|CS|TAMS 0x00000000eef00000, 0x00000000eef00000| Complete 
| 240|0x00000000ef000000, 0x00000000ef100000, 0x00000000ef100000|100%| E|CS|TAMS 0x00000000ef000000, 0x00000000ef000000| Complete 
| 241|0x00000000ef100000, 0x00000000ef200000, 0x00000000ef200000|100%| E|CS|TAMS 0x00000000ef100000, 0x00000000ef100000| Complete 
| 242|0x00000000ef200000, 0x00000000ef300000, 0x00000000ef300000|100%| E|CS|TAMS 0x00000000ef200000, 0x00000000ef200000| Complete 
| 243|0x00000000ef300000, 0x00000000ef400000, 0x00000000ef400000|100%| E|CS|TAMS 0x00000000ef300000, 0x00000000ef300000| Complete 
| 244|0x00000000ef400000, 0x00000000ef500000, 0x00000000ef500000|100%| E|CS|TAMS 0x00000000ef400000, 0x00000000ef400000| Complete 
| 245|0x00000000ef500000, 0x00000000ef600000, 0x00000000ef600000|100%| E|CS|TAMS 0x00000000ef500000, 0x00000000ef500000| Complete 
| 246|0x00000000ef600000, 0x00000000ef700000, 0x00000000ef700000|100%| E|CS|TAMS 0x00000000ef600000, 0x00000000ef600000| Complete 
| 247|0x00000000ef700000, 0x00000000ef800000, 0x00000000ef800000|100%| E|CS|TAMS 0x00000000ef700000, 0x00000000ef700000| Complete 
| 248|0x00000000ef800000, 0x00000000ef900000, 0x00000000ef900000|100%| E|CS|TAMS 0x00000000ef800000, 0x00000000ef800000| Complete 
| 249|0x00000000ef900000, 0x00000000efa00000, 0x00000000efa00000|100%| E|CS|TAMS 0x00000000ef900000, 0x00000000ef900000| Complete 
| 250|0x00000000efa00000, 0x00000000efb00000, 0x00000000efb00000|100%| E|CS|TAMS 0x00000000efa00000, 0x00000000efa00000| Complete 
| 251|0x00000000efb00000, 0x00000000efc00000, 0x00000000efc00000|100%| E|CS|TAMS 0x00000000efb00000, 0x00000000efb00000| Complete 
| 252|0x00000000efc00000, 0x00000000efd00000, 0x00000000efd00000|100%| E|CS|TAMS 0x00000000efc00000, 0x00000000efc00000| Complete 
| 253|0x00000000efd00000, 0x00000000efe00000, 0x00000000efe00000|100%| E|CS|TAMS 0x00000000efd00000, 0x00000000efd00000| Complete 
| 254|0x00000000efe00000, 0x00000000eff00000, 0x00000000eff00000|100%| E|CS|TAMS 0x00000000efe00000, 0x00000000efe00000| Complete 
| 255|0x00000000eff00000, 0x00000000f0000000, 0x00000000f0000000|100%| E|CS|TAMS 0x00000000eff00000, 0x00000000eff00000| Complete 

Card table byte_map: [0x0000026bdaf00000,0x0000026bdb000000] _byte_map_base: 0x0000026bda800000

Marking Bits (Prev, Next): (CMBitMap*) 0x0000026bc2322eb0, (CMBitMap*) 0x0000026bc2322e70
 Prev Bits: [0x0000026bdb900000, 0x0000026bdc100000)
 Next Bits: [0x0000026bdb100000, 0x0000026bdb900000)

Polling page: 0x0000026bc23c0000

Metaspace:

Usage:
  Non-class:     20.71 MB used.
      Class:      3.67 MB used.
       Both:     24.39 MB used.

Virtual space:
  Non-class space:       64.00 MB reserved,      20.94 MB ( 33%) committed,  1 nodes.
      Class space:      208.00 MB reserved,       3.81 MB (  2%) committed,  1 nodes.
             Both:      272.00 MB reserved,      24.75 MB (  9%) committed. 

Chunk freelists:
   Non-Class:  11.04 MB
       Class:  12.20 MB
        Both:  23.24 MB

MaxMetaspaceSize: 256.00 MB
CompressedClassSpaceSize: 208.00 MB
Initial GC threshold: 21.00 MB
Current GC threshold: 35.12 MB
CDS: on
MetaspaceReclaimPolicy: balanced
 - commit_granule_bytes: 65536.
 - commit_granule_words: 8192.
 - virtual_space_node_default_size: 8388608.
 - enlarge_chunks_in_place: 1.
 - new_chunks_are_fully_committed: 0.
 - uncommit_free_chunks: 1.
 - use_allocation_guard: 0.
 - handle_deallocations: 1.


Internal statistics:

num_allocs_failed_limit: 3.
num_arena_births: 294.
num_arena_deaths: 0.
num_vsnodes_births: 2.
num_vsnodes_deaths: 0.
num_space_committed: 396.
num_space_uncommitted: 0.
num_chunks_returned_to_freelist: 3.
num_chunks_taken_from_freelist: 1215.
num_chunk_merges: 3.
num_chunk_splits: 795.
num_chunks_enlarged: 568.
num_inconsistent_stats: 0.

CodeHeap 'non-profiled nmethods': size=120000Kb used=1699Kb max_used=1699Kb free=118300Kb
 bounds [0x0000026bd2e70000, 0x0000026bd30e0000, 0x0000026bda3a0000]
CodeHeap 'profiled nmethods': size=120000Kb used=6071Kb max_used=6071Kb free=113928Kb
 bounds [0x0000026bcb3a0000, 0x0000026bcb990000, 0x0000026bd28d0000]
CodeHeap 'non-nmethods': size=5760Kb used=1239Kb max_used=1291Kb free=4521Kb
 bounds [0x0000026bd28d0000, 0x0000026bd2b40000, 0x0000026bd2e70000]
 total_blobs=3504 nmethods=2954 adapters=462
 compilation: enabled
              stopped_count=0, restarted_count=0
 full_count=0

Compilation events (20 events):
Event: 17.252 Thread 0x0000026bf181cc10 nmethod 2869 0x0000026bd300fc10 code [0x0000026bd300fdc0, 0x0000026bd3010408]
Event: 17.252 Thread 0x0000026bf181cc10 2827   !   4       java.util.zip.ZipFile$ZipFileInflaterInputStream::close (67 bytes)
Event: 17.264 Thread 0x0000026bdeb6ea10 2890       3       org.codehaus.groovy.reflection.GeneratedMetaMethod$DgmMethodRecord::<init> (5 bytes)
Event: 17.264 Thread 0x0000026bdeb6ea10 nmethod 2890 0x0000026bcb972590 code [0x0000026bcb972720, 0x0000026bcb972878]
Event: 17.267 Thread 0x0000026bdeb6ea10 2892       2       java.io.DataInputStream::readUTF (501 bytes)
Event: 17.269 Thread 0x0000026bdeb6ea10 nmethod 2892 0x0000026bcb972910 code [0x0000026bcb972c60, 0x0000026bcb973ce8]
Event: 17.274 Thread 0x0000026bdeb6ea10 2895   !   3       java.net.URLClassLoader::findClass (47 bytes)
Event: 17.274 Thread 0x0000026bdeb6ea10 nmethod 2895 0x0000026bcb974690 code [0x0000026bcb9748a0, 0x0000026bcb9751d8]
Event: 17.287 Thread 0x0000026bf181cc10 nmethod 2827 0x0000026bd3010690 code [0x0000026bd30108c0, 0x0000026bd3011ec0]
Event: 17.287 Thread 0x0000026bf181cc10 2894 %     4       java.io.DataInputStream::readUTF @ 92 (501 bytes)
Event: 17.294 Thread 0x0000026bdeb6ea10 2896       3       java.lang.Class::getPackageName (81 bytes)
Event: 17.296 Thread 0x0000026bdeb6ea10 nmethod 2896 0x0000026bcb975490 code [0x0000026bcb975720, 0x0000026bcb9761c8]
Event: 17.306 Thread 0x0000026bf181cc10 nmethod 2894% 0x0000026bd3012910 code [0x0000026bd3012ac0, 0x0000026bd30132d8]
Event: 17.307 Thread 0x0000026bf181cc10 2891       4       java.lang.Integer::valueOf (32 bytes)
Event: 17.308 Thread 0x0000026bf181cc10 nmethod 2891 0x0000026bd3013710 code [0x0000026bd30138a0, 0x0000026bd3013978]
Event: 17.308 Thread 0x0000026bf181cc10 2893       4       java.lang.Integer::hashCode (8 bytes)
Event: 17.309 Thread 0x0000026bf181cc10 nmethod 2893 0x0000026bd3013a10 code [0x0000026bd3013b80, 0x0000026bd3013bf8]
Event: 17.309 Thread 0x0000026bf181cc10 2848       4       java.util.concurrent.locks.AbstractQueuedSynchronizer::compareAndSetState (13 bytes)
Event: 17.310 Thread 0x0000026bf181cc10 nmethod 2848 0x0000026bd3013d10 code [0x0000026bd3013e80, 0x0000026bd3013f18]
Event: 17.310 Thread 0x0000026bf181cc10 2897       4       java.util.zip.ZipFile$ZipFileInflaterInputStream::<init> (14 bytes)

GC Heap History (6 events):
Event: 1.536 GC heap before
{Heap before GC invocations=0 (full 0):
 garbage-first heap   total 262144K, used 28672K [0x00000000e0000000, 0x0000000100000000)
  region size 1024K, 23 young (23552K), 0 survivors (0K)
 Metaspace       used 2999K, committed 3136K, reserved 278528K
  class space    used 380K, committed 448K, reserved 212992K
}
Event: 1.544 GC heap after
{Heap after GC invocations=1 (full 0):
 garbage-first heap   total 262144K, used 9451K [0x00000000e0000000, 0x0000000100000000)
  region size 1024K, 3 young (3072K), 3 survivors (3072K)
 Metaspace       used 2999K, committed 3136K, reserved 278528K
  class space    used 380K, committed 448K, reserved 212992K
}
Event: 2.832 GC heap before
{Heap before GC invocations=1 (full 0):
 garbage-first heap   total 262144K, used 39147K [0x00000000e0000000, 0x0000000100000000)
  region size 1024K, 31 young (31744K), 3 survivors (3072K)
 Metaspace       used 3933K, committed 4096K, reserved 278528K
  class space    used 476K, committed 576K, reserved 212992K
}
Event: 2.838 GC heap after
{Heap after GC invocations=2 (full 0):
 garbage-first heap   total 262144K, used 13094K [0x00000000e0000000, 0x0000000100000000)
  region size 1024K, 4 young (4096K), 4 survivors (4096K)
 Metaspace       used 3933K, committed 4096K, reserved 278528K
  class space    used 476K, committed 576K, reserved 212992K
}
Event: 16.282 GC heap before
{Heap before GC invocations=2 (full 0):
 garbage-first heap   total 262144K, used 113446K [0x00000000e0000000, 0x0000000100000000)
  region size 1024K, 103 young (105472K), 4 survivors (4096K)
 Metaspace       used 21207K, committed 21504K, reserved 278528K
  class space    used 3166K, committed 3328K, reserved 212992K
}
Event: 16.298 GC heap after
{Heap after GC invocations=3 (full 0):
 garbage-first heap   total 262144K, used 21338K [0x00000000e0000000, 0x0000000100000000)
  region size 1024K, 12 young (12288K), 12 survivors (12288K)
 Metaspace       used 21207K, committed 21504K, reserved 278528K
  class space    used 3166K, committed 3328K, reserved 212992K
}

Deoptimization events (20 events):
Event: 17.159 Thread 0x0000026bdeb63f10 Uncommon trap: trap_request=0xffffff45 fr.pc=0x0000026bd2fc4bbc relative=0x00000000000006fc
Event: 17.159 Thread 0x0000026bdeb63f10 Uncommon trap: reason=unstable_if action=reinterpret pc=0x0000026bd2fc4bbc method=java.lang.Class.getPackageName()Ljava/lang/String; @ 55 c2
Event: 17.159 Thread 0x0000026bdeb63f10 DEOPT PACKING pc=0x0000026bd2fc4bbc sp=0x000000cc81afa6f0
Event: 17.159 Thread 0x0000026bdeb63f10 DEOPT UNPACKING pc=0x0000026bd29223a3 sp=0x000000cc81afa6b0 mode 2
Event: 17.263 Thread 0x0000026bdeb63f10 Uncommon trap: trap_request=0xffffffde fr.pc=0x0000026bd2f57cbc relative=0x000000000000195c
Event: 17.263 Thread 0x0000026bdeb63f10 Uncommon trap: reason=class_check action=maybe_recompile pc=0x0000026bd2f57cbc method=java.io.BufferedInputStream.read([BII)I @ 101 c2
Event: 17.263 Thread 0x0000026bdeb63f10 DEOPT PACKING pc=0x0000026bd2f57cbc sp=0x000000cc81af8530
Event: 17.263 Thread 0x0000026bdeb63f10 DEOPT UNPACKING pc=0x0000026bd29223a3 sp=0x000000cc81af83f0 mode 2
Event: 17.264 Thread 0x0000026bdeb63f10 Uncommon trap: trap_request=0xffffffde fr.pc=0x0000026bd2f57cbc relative=0x000000000000195c
Event: 17.264 Thread 0x0000026bdeb63f10 Uncommon trap: reason=class_check action=maybe_recompile pc=0x0000026bd2f57cbc method=java.io.BufferedInputStream.read([BII)I @ 101 c2
Event: 17.264 Thread 0x0000026bdeb63f10 DEOPT PACKING pc=0x0000026bd2f57cbc sp=0x000000cc81af8530
Event: 17.264 Thread 0x0000026bdeb63f10 DEOPT UNPACKING pc=0x0000026bd29223a3 sp=0x000000cc81af83f0 mode 2
Event: 17.265 Thread 0x0000026bdeb63f10 Uncommon trap: trap_request=0xffffffde fr.pc=0x0000026bd2f57cbc relative=0x000000000000195c
Event: 17.265 Thread 0x0000026bdeb63f10 Uncommon trap: reason=class_check action=maybe_recompile pc=0x0000026bd2f57cbc method=java.io.BufferedInputStream.read([BII)I @ 101 c2
Event: 17.265 Thread 0x0000026bdeb63f10 DEOPT PACKING pc=0x0000026bd2f57cbc sp=0x000000cc81af8530
Event: 17.265 Thread 0x0000026bdeb63f10 DEOPT UNPACKING pc=0x0000026bd29223a3 sp=0x000000cc81af83f0 mode 2
Event: 17.267 Thread 0x0000026bdeb63f10 Uncommon trap: trap_request=0xffffffde fr.pc=0x0000026bd2f57cbc relative=0x000000000000195c
Event: 17.267 Thread 0x0000026bdeb63f10 Uncommon trap: reason=class_check action=maybe_recompile pc=0x0000026bd2f57cbc method=java.io.BufferedInputStream.read([BII)I @ 101 c2
Event: 17.267 Thread 0x0000026bdeb63f10 DEOPT PACKING pc=0x0000026bd2f57cbc sp=0x000000cc81af8530
Event: 17.267 Thread 0x0000026bdeb63f10 DEOPT UNPACKING pc=0x0000026bd29223a3 sp=0x000000cc81af83f0 mode 2

Classes unloaded (0 events):
No events

Classes redefined (0 events):
No events

Internal exceptions (20 events):
Event: 14.714 Thread 0x0000026bf249abd0 Exception <a 'java/lang/NoSuchMethodError'{0x00000000ee1da188}: static Lorg/gradle/internal/build/event/types/AbstractResult;.<clinit>()V> (0x00000000ee1da188) 
thrown [s\open\src\hotspot\share\prims\jni.cpp, line 1107]
Event: 15.379 Thread 0x0000026bdeb63f10 Exception <a 'java/lang/NoSuchMethodError'{0x00000000ea420390}: 'java.lang.Object java.lang.invoke.DirectMethodHandle$Holder.invokeSpecialIFC(java.lang.Object, java.lang.Object, java.lang.Object, java.lang.Object)'> (0x00000000ea420390) 
thrown [s\open\src\hotspot\share\interpreter\linkResolver.cpp, line 759]
Event: 15.975 Thread 0x0000026bdeb63f10 Implicit null exception at 0x0000026bd2ec1013 to 0x0000026bd2ec1450
Event: 16.112 Thread 0x0000026bdeb63f10 Exception <a 'java/lang/NoSuchMethodError'{0x00000000e9cd3240}: 'java.lang.Object java.lang.invoke.DirectMethodHandle$Holder.invokeSpecial(java.lang.Object, java.lang.Object, java.lang.Object, java.lang.Object, java.lang.Object, java.lang.Object, java.lang.Object, java.lang.Object, java.lang.Object, java.lang.Object, java.lang.Object, java.lang.Object, java.lang.Object)'> (0x00000000e9cd3240) 
thrown [s\open\src\hotspot\share\interpreter\linkResolver.cpp, line 759]
Event: 16.114 Thread 0x0000026bdeb63f10 Exception <a 'java/lang/NoSuchMethodError'{0x00000000e9ce4a68}: 'java.lang.Object java.lang.invoke.DirectMethodHandle$Holder.newInvokeSpecial(java.lang.Object, java.lang.Object, java.lang.Object, java.lang.Object, java.lang.Object, java.lang.Object, java.lang.Object, java.lang.Object, java.lang.Object, java.lang.Object, java.lang.Object)'> (0x00000000e9ce4a68) 
thrown [s\open\src\hotspot\share\interpreter\linkResolver.cpp, line 759]
Event: 16.115 Thread 0x0000026bdeb63f10 Exception <a 'java/lang/NoSuchMethodError'{0x00000000e9cea698}: 'java.lang.Object java.lang.invoke.DirectMethodHandle$Holder.invokeSpecial(java.lang.Object, java.lang.Object, java.lang.Object, java.lang.Object, java.lang.Object, java.lang.Object, java.lang.Object, java.lang.Object, java.lang.Object, java.lang.Object, java.lang.Object, java.lang.Object)'> (0x00000000e9cea698) 
thrown [s\open\src\hotspot\share\interpreter\linkResolver.cpp, line 759]
Event: 16.116 Thread 0x0000026bdeb63f10 Exception <a 'java/lang/NoSuchMethodError'{0x00000000e9cefa88}: 'java.lang.Object java.lang.invoke.Invokers$Holder.linkToTargetMethod(java.lang.Object, java.lang.Object, java.lang.Object, java.lang.Object, java.lang.Object, java.lang.Object, java.lang.Object, java.lang.Object, java.lang.Object, java.lang.Object, java.lang.Object)'> (0x00000000e9cefa88) 
thrown [s\open\src\hotspot\share\interpreter\linkResolver.cpp, line 759]
Event: 16.132 Thread 0x0000026bdeb63f10 Exception <a 'java/lang/NoSuchMethodError'{0x00000000e9b3a918}: 'java.lang.Object java.lang.invoke.DirectMethodHandle$Holder.invokeSpecial(java.lang.Object, java.lang.Object, java.lang.Object, java.lang.Object, java.lang.Object, java.lang.Object, java.lang.Object, java.lang.Object, java.lang.Object, java.lang.Object, java.lang.Object, java.lang.Object, java.lang.Object, java.lang.Object)'> (0x00000000e9b3a918) 
thrown [s\open\src\hotspot\share\interpreter\linkResolver.cpp, line 759]
Event: 16.134 Thread 0x0000026bdeb63f10 Exception <a 'java/lang/NoSuchMethodError'{0x00000000e9b4cce8}: 'java.lang.Object java.lang.invoke.DirectMethodHandle$Holder.newInvokeSpecial(java.lang.Object, java.lang.Object, java.lang.Object, java.lang.Object, java.lang.Object, java.lang.Object, java.lang.Object, java.lang.Object, java.lang.Object, java.lang.Object, java.lang.Object, java.lang.Object)'> (0x00000000e9b4cce8) 
thrown [s\open\src\hotspot\share\interpreter\linkResolver.cpp, line 759]
Event: 16.135 Thread 0x0000026bdeb63f10 Exception <a 'java/lang/NoSuchMethodError'{0x00000000e9b523d8}: 'java.lang.Object java.lang.invoke.Invokers$Holder.linkToTargetMethod(java.lang.Object, java.lang.Object, java.lang.Object, java.lang.Object, java.lang.Object, java.lang.Object, java.lang.Object, java.lang.Object, java.lang.Object, java.lang.Object, java.lang.Object, java.lang.Object)'> (0x00000000e9b523d8) 
thrown [s\open\src\hotspot\share\interpreter\linkResolver.cpp, line 759]
Event: 16.203 Thread 0x0000026bdeb63f10 Exception <a 'java/lang/NoSuchMethodError'{0x00000000e9be53a0}: 'java.lang.Object java.lang.invoke.DirectMethodHandle$Holder.invokeStaticInit(java.lang.Object, java.lang.Object, java.lang.Object, java.lang.Object)'> (0x00000000e9be53a0) 
thrown [s\open\src\hotspot\share\interpreter\linkResolver.cpp, line 759]
Event: 16.461 Thread 0x0000026bdeb63f10 Exception <a 'java/lang/NoSuchMethodError'{0x00000000efb50390}: 'java.lang.Object java.lang.invoke.DirectMethodHandle$Holder.newInvokeSpecial(java.lang.Object, java.lang.Object, java.lang.Object, java.lang.Object, java.lang.Object, java.lang.Object, java.lang.Object, java.lang.Object)'> (0x00000000efb50390) 
thrown [s\open\src\hotspot\share\interpreter\linkResolver.cpp, line 759]
Event: 16.462 Thread 0x0000026bdeb63f10 Exception <a 'java/lang/NoSuchMethodError'{0x00000000efb56170}: 'java.lang.Object java.lang.invoke.Invokers$Holder.linkToTargetMethod(java.lang.Object, java.lang.Object, java.lang.Object, java.lang.Object, java.lang.Object, java.lang.Object, java.lang.Object, java.lang.Object)'> (0x00000000efb56170) 
thrown [s\open\src\hotspot\share\interpreter\linkResolver.cpp, line 759]
Event: 16.487 Thread 0x0000026bdeb63f10 Exception <a 'java/lang/IncompatibleClassChangeError'{0x00000000efbc7fb0}: Found class java.lang.Object, but interface was expected> (0x00000000efbc7fb0) 
thrown [s\open\src\hotspot\share\interpreter\linkResolver.cpp, line 826]
Event: 16.964 Thread 0x0000026bdeb63f10 Exception <a 'java/lang/NoSuchMethodError'{0x00000000ef01dfa0}: 'java.lang.Object java.lang.invoke.DirectMethodHandle$Holder.newInvokeSpecial(java.lang.Object, java.lang.Object, long)'> (0x00000000ef01dfa0) 
thrown [s\open\src\hotspot\share\interpreter\linkResolver.cpp, line 759]
Event: 16.965 Thread 0x0000026bdeb63f10 Exception <a 'java/lang/NoSuchMethodError'{0x00000000ef0225b0}: 'java.lang.Object java.lang.invoke.Invokers$Holder.linkToTargetMethod(java.lang.Object, long, java.lang.Object)'> (0x00000000ef0225b0) 
thrown [s\open\src\hotspot\share\interpreter\linkResolver.cpp, line 759]
Event: 17.008 Thread 0x0000026bdeb63f10 Exception <a 'java/lang/NoSuchMethodError'{0x00000000ef0ea4e0}: 'int java.lang.invoke.DirectMethodHandle$Holder.invokeInterface(java.lang.Object, java.lang.Object)'> (0x00000000ef0ea4e0) 
thrown [s\open\src\hotspot\share\interpreter\linkResolver.cpp, line 759]
Event: 17.018 Thread 0x0000026bdeb63f10 Exception <a 'java/lang/NoSuchMethodError'{0x00000000eef10928}: 'java.lang.Object java.lang.invoke.DirectMethodHandle$Holder.invokeStatic(java.lang.Object, java.lang.Object, int, java.lang.Object)'> (0x00000000eef10928) 
thrown [s\open\src\hotspot\share\interpreter\linkResolver.cpp, line 759]
Event: 17.020 Thread 0x0000026bdeb63f10 Exception <a 'java/lang/NoSuchMethodError'{0x00000000eef184e0}: 'java.lang.Object java.lang.invoke.DirectMethodHandle$Holder.newInvokeSpecial(java.lang.Object, java.lang.Object, int, java.lang.Object)'> (0x00000000eef184e0) 
thrown [s\open\src\hotspot\share\interpreter\linkResolver.cpp, line 759]
Event: 17.021 Thread 0x0000026bdeb63f10 Exception <a 'java/lang/NoSuchMethodError'{0x00000000eef1cdc8}: 'java.lang.Object java.lang.invoke.DirectMethodHandle$Holder.invokeSpecial(java.lang.Object, java.lang.Object, java.lang.Object, int, java.lang.Object)'> (0x00000000eef1cdc8) 
thrown [s\open\src\hotspot\share\interpreter\linkResolver.cpp, line 759]

VM Operations (20 events):
Event: 14.276 Executing VM operation: Cleanup
Event: 14.301 Executing VM operation: Cleanup done
Event: 15.314 Executing VM operation: Cleanup
Event: 15.314 Executing VM operation: Cleanup done
Event: 15.982 Executing VM operation: HandshakeAllThreads
Event: 15.982 Executing VM operation: HandshakeAllThreads done
Event: 16.282 Executing VM operation: CollectForMetadataAllocation
Event: 16.298 Executing VM operation: CollectForMetadataAllocation done
Event: 16.310 Executing VM operation: G1Concurrent
Event: 16.314 Executing VM operation: G1Concurrent done
Event: 16.316 Executing VM operation: G1Concurrent
Event: 16.317 Executing VM operation: G1Concurrent done
Event: 16.682 Executing VM operation: HandshakeAllThreads
Event: 16.682 Executing VM operation: HandshakeAllThreads done
Event: 16.775 Executing VM operation: HandshakeAllThreads
Event: 16.775 Executing VM operation: HandshakeAllThreads done
Event: 17.067 Executing VM operation: HandshakeAllThreads
Event: 17.067 Executing VM operation: HandshakeAllThreads done
Event: 17.146 Executing VM operation: HandshakeAllThreads
Event: 17.146 Executing VM operation: HandshakeAllThreads done

Events (20 events):
Event: 17.178 loading class java/beans/Transient done
Event: 17.186 loading class java/util/stream/Streams$RangeIntSpliterator
Event: 17.187 loading class java/util/stream/Streams$RangeIntSpliterator done
Event: 17.191 loading class java/util/stream/IntPipeline$1
Event: 17.192 loading class java/util/stream/IntPipeline$1 done
Event: 17.194 loading class java/util/stream/Nodes$FixedNodeBuilder
Event: 17.194 loading class java/util/stream/Nodes$ArrayNode
Event: 17.195 loading class java/util/stream/Nodes$ArrayNode done
Event: 17.195 loading class java/util/stream/Nodes$FixedNodeBuilder done
Event: 17.195 loading class java/util/stream/IntPipeline$1$1
Event: 17.195 loading class java/util/stream/IntPipeline$1$1 done
Event: 17.220 loading class java/util/EventListener
Event: 17.220 loading class java/util/EventListener done
Event: 17.240 Thread 0x0000026bf181cc10 Thread added: 0x0000026bf181cc10
Event: 17.240 loading class java/util/BitSet
Event: 17.242 loading class java/util/BitSet done
Event: 17.256 loading class java/util/TimerTask
Event: 17.256 loading class java/util/TimerTask done
Event: 17.256 loading class java/util/Timer
Event: 17.257 loading class java/util/Timer done


Dynamic libraries:
0x00007ff700540000 - 0x00007ff700550000 	C:\Program Files\Java\jdk-17\bin\java.exe
0x00007ff98c7d0000 - 0x00007ff98c9e7000 	C:\WINDOWS\SYSTEM32\ntdll.dll
0x00007ff98adb0000 - 0x00007ff98ae74000 	C:\WINDOWS\System32\KERNEL32.DLL
0x00007ff989e40000 - 0x00007ff98a1ed000 	C:\WINDOWS\System32\KERNELBASE.dll
0x00007ff98a3e0000 - 0x00007ff98a4f1000 	C:\WINDOWS\System32\ucrtbase.dll
0x00007ff971a70000 - 0x00007ff971a8b000 	C:\Program Files\Java\jdk-17\bin\VCRUNTIME140.dll
0x00007ff9715d0000 - 0x00007ff9715e9000 	C:\Program Files\Java\jdk-17\bin\jli.dll
0x00007ff98ab40000 - 0x00007ff98abf2000 	C:\WINDOWS\System32\ADVAPI32.dll
0x00007ff98aa90000 - 0x00007ff98ab37000 	C:\WINDOWS\System32\msvcrt.dll
0x00007ff98a990000 - 0x00007ff98aa39000 	C:\WINDOWS\System32\sechost.dll
0x00007ff98a3b0000 - 0x00007ff98a3d8000 	C:\WINDOWS\System32\bcrypt.dll
0x00007ff98b780000 - 0x00007ff98b894000 	C:\WINDOWS\System32\RPCRT4.dll
0x00007ff98ba00000 - 0x00007ff98bbae000 	C:\WINDOWS\System32\USER32.dll
0x00007ff988dd0000 - 0x00007ff989063000 	C:\WINDOWS\WinSxS\amd64_microsoft.windows.common-controls_6595b64144ccf1df_6.0.22621.3672_none_2713b9d173822955\COMCTL32.dll
0x00007ff98a290000 - 0x00007ff98a2b6000 	C:\WINDOWS\System32\win32u.dll
0x00007ff98bed0000 - 0x00007ff98bef9000 	C:\WINDOWS\System32\GDI32.dll
0x00007ff989af0000 - 0x00007ff989c09000 	C:\WINDOWS\System32\gdi32full.dll
0x00007ff98a1f0000 - 0x00007ff98a28a000 	C:\WINDOWS\System32\msvcp_win.dll
0x00007ff984e90000 - 0x00007ff984e9a000 	C:\WINDOWS\SYSTEM32\VERSION.dll
0x00007ff98be10000 - 0x00007ff98be41000 	C:\WINDOWS\System32\IMM32.DLL
0x00007ff973f80000 - 0x00007ff973f8c000 	C:\Program Files\Java\jdk-17\bin\vcruntime140_1.dll
0x00007ff935e80000 - 0x00007ff935f0e000 	C:\Program Files\Java\jdk-17\bin\msvcp140.dll
0x00007ff8e2930000 - 0x00007ff8e350f000 	C:\Program Files\Java\jdk-17\bin\server\jvm.dll
0x00007ff982720000 - 0x00007ff982729000 	C:\WINDOWS\SYSTEM32\WSOCK32.dll
0x00007ff98be00000 - 0x00007ff98be08000 	C:\WINDOWS\System32\PSAPI.DLL
0x00007ff98b650000 - 0x00007ff98b6c1000 	C:\WINDOWS\System32\WS2_32.dll
0x00007ff985ba0000 - 0x00007ff985bd4000 	C:\WINDOWS\SYSTEM32\WINMM.dll
0x00007ff987bf0000 - 0x00007ff987c08000 	C:\WINDOWS\SYSTEM32\kernel.appcore.dll
0x00007ff971f40000 - 0x00007ff971f4a000 	C:\Program Files\Java\jdk-17\bin\jimage.dll
0x00007ff989370000 - 0x00007ff9895a2000 	C:\WINDOWS\SYSTEM32\DBGHELP.DLL
0x00007ff98b2c0000 - 0x00007ff98b64e000 	C:\WINDOWS\System32\combase.dll
0x00007ff98ae90000 - 0x00007ff98af67000 	C:\WINDOWS\System32\OLEAUT32.dll
0x00007ff989250000 - 0x00007ff989282000 	C:\WINDOWS\SYSTEM32\dbgcore.DLL
0x00007ff98a330000 - 0x00007ff98a3ab000 	C:\WINDOWS\System32\bcryptPrimitives.dll
0x00007ff9709e0000 - 0x00007ff970a05000 	C:\Program Files\Java\jdk-17\bin\java.dll
0x00007ff933ea0000 - 0x00007ff933f77000 	C:\Program Files\Java\jdk-17\bin\jsvml.dll
0x00007ff98bf20000 - 0x00007ff98c787000 	C:\WINDOWS\System32\SHELL32.dll
0x00007ff986b00000 - 0x00007ff9873ff000 	C:\WINDOWS\SYSTEM32\windows.storage.dll
0x00007ff9869c0000 - 0x00007ff986aff000 	C:\WINDOWS\SYSTEM32\wintypes.dll
0x00007ff98af70000 - 0x00007ff98b069000 	C:\WINDOWS\System32\SHCORE.dll
0x00007ff98b090000 - 0x00007ff98b0ee000 	C:\WINDOWS\System32\shlwapi.dll
0x00007ff989a20000 - 0x00007ff989a47000 	C:\WINDOWS\SYSTEM32\profapi.dll
0x00007ff971080000 - 0x00007ff971099000 	C:\Program Files\Java\jdk-17\bin\net.dll
0x00007ff983ef0000 - 0x00007ff984026000 	C:\WINDOWS\SYSTEM32\WINHTTP.dll
0x00007ff988850000 - 0x00007ff9888b9000 	C:\WINDOWS\system32\mswsock.dll
0x00007ff95f380000 - 0x00007ff95f396000 	C:\Program Files\Java\jdk-17\bin\nio.dll
0x00007ff95f170000 - 0x00007ff95f188000 	C:\Program Files\Java\jdk-17\bin\zip.dll
0x00007ff971dc0000 - 0x00007ff971dd0000 	C:\Program Files\Java\jdk-17\bin\verify.dll
0x00007ff97e170000 - 0x00007ff97e197000 	C:\Users\artem\.gradle\native\e1d6ef7f7dcc3fd88c89a11ec53ec762bb8ba0a96d01ffa2cd45eb1d1d8dd5c5\windows-amd64\native-platform.dll
0x00007ff931b90000 - 0x00007ff931cd4000 	C:\Users\artem\.gradle\native\0d407fdbe67a94daf76414ababcb853783967236a71b16ec16e742cd7a986fd3\windows-amd64\native-platform-file-events.dll
0x00007ff988590000 - 0x00007ff98859a000 	C:\Program Files\Java\jdk-17\bin\management.dll
0x00007ff988550000 - 0x00007ff98855b000 	C:\Program Files\Java\jdk-17\bin\management_ext.dll
0x00007ff9896a0000 - 0x00007ff9896bb000 	C:\WINDOWS\SYSTEM32\CRYPTSP.dll
0x00007ff987b40000 - 0x00007ff987b75000 	C:\WINDOWS\system32\rsaenh.dll
0x00007ff988940000 - 0x00007ff988968000 	C:\WINDOWS\SYSTEM32\USERENV.dll
0x00007ff988b30000 - 0x00007ff988b3c000 	C:\WINDOWS\SYSTEM32\CRYPTBASE.dll
0x00007ff9876a0000 - 0x00007ff9876cd000 	C:\WINDOWS\SYSTEM32\IPHLPAPI.DLL
0x00007ff98b0f0000 - 0x00007ff98b0f9000 	C:\WINDOWS\System32\NSI.dll
0x00007ff9840a0000 - 0x00007ff9840b9000 	C:\WINDOWS\SYSTEM32\dhcpcsvc6.DLL
0x00007ff983e40000 - 0x00007ff983e5f000 	C:\WINDOWS\SYSTEM32\dhcpcsvc.DLL
0x00007ff9876d0000 - 0x00007ff9877c8000 	C:\WINDOWS\SYSTEM32\DNSAPI.dll
0x00007ff988540000 - 0x00007ff98854e000 	C:\Program Files\Java\jdk-17\bin\sunmscapi.dll
0x00007ff989cd0000 - 0x00007ff989e36000 	C:\WINDOWS\System32\CRYPT32.dll
0x00007ff988cb0000 - 0x00007ff988cde000 	C:\WINDOWS\SYSTEM32\ncrypt.dll
0x00007ff988c70000 - 0x00007ff988ca7000 	C:\WINDOWS\SYSTEM32\NTASN1.dll
0x00007ff9885c0000 - 0x00007ff9885c8000 	C:\WINDOWS\system32\wshunix.dll

dbghelp: loaded successfully - version: 4.0.5 - missing functions: none
symbol engine: initialized successfully - sym options: 0x614 - pdb path: .;C:\Program Files\Java\jdk-17\bin;C:\WINDOWS\SYSTEM32;C:\WINDOWS\WinSxS\amd64_microsoft.windows.common-controls_6595b64144ccf1df_6.0.22621.3672_none_2713b9d173822955;C:\Program Files\Java\jdk-17\bin\server;C:\Users\artem\.gradle\native\e1d6ef7f7dcc3fd88c89a11ec53ec762bb8ba0a96d01ffa2cd45eb1d1d8dd5c5\windows-amd64;C:\Users\artem\.gradle\native\0d407fdbe67a94daf76414ababcb853783967236a71b16ec16e742cd7a986fd3\windows-amd64

VM Arguments:
jvm_args: --add-opens=java.base/java.util=ALL-UNNAMED --add-opens=java.base/java.lang=ALL-UNNAMED --add-opens=java.base/java.lang.invoke=ALL-UNNAMED --add-opens=java.base/java.util=ALL-UNNAMED --add-opens=java.prefs/java.util.prefs=ALL-UNNAMED --add-opens=java.prefs/java.util.prefs=ALL-UNNAMED --add-opens=java.base/java.nio.charset=ALL-UNNAMED --add-opens=java.base/java.net=ALL-UNNAMED --add-opens=java.base/java.util.concurrent.atomic=ALL-UNNAMED -XX:MaxMetaspaceSize=256m -XX:+HeapDumpOnOutOfMemoryError -Xms256m -Xmx512m -Dfile.encoding=windows-1251 -Duser.country=RU -Duser.language=ru -Duser.variant 
java_command: org.gradle.launcher.daemon.bootstrap.GradleDaemon 7.5.1
java_class_path (initial): C:\Users\artem\.gradle\wrapper\dists\gradle-7.5.1-bin\7jzzequgds1hbszbhq3npc5ng\gradle-7.5.1\lib\gradle-launcher-7.5.1.jar
Launcher Type: SUN_STANDARD

[Global flags]
     intx CICompilerCount                          = 4                                         {product} {ergonomic}
   size_t CompressedClassSpaceSize                 = 218103808                                 {product} {ergonomic}
     uint ConcGCThreads                            = 2                                         {product} {ergonomic}
     uint G1ConcRefinementThreads                  = 8                                         {product} {ergonomic}
   size_t G1HeapRegionSize                         = 1048576                                   {product} {ergonomic}
    uintx GCDrainStackTargetSize                   = 64                                        {product} {ergonomic}
     bool HeapDumpOnOutOfMemoryError               = true                                   {manageable} {command line}
   size_t InitialHeapSize                          = 268435456                                 {product} {command line}
   size_t MarkStackSize                            = 4194304                                   {product} {ergonomic}
   size_t MaxHeapSize                              = 536870912                                 {product} {command line}
   size_t MaxMetaspaceSize                         = 268435456                                 {product} {command line}
   size_t MaxNewSize                               = 321912832                                 {product} {ergonomic}
   size_t MinHeapDeltaBytes                        = 1048576                                   {product} {ergonomic}
   size_t MinHeapSize                              = 268435456                                 {product} {command line}
    uintx NonNMethodCodeHeapSize                   = 5839372                                {pd product} {ergonomic}
    uintx NonProfiledCodeHeapSize                  = 122909434                              {pd product} {ergonomic}
    uintx ProfiledCodeHeapSize                     = 122909434                              {pd product} {ergonomic}
    uintx ReservedCodeCacheSize                    = 251658240                              {pd product} {ergonomic}
     bool SegmentedCodeCache                       = true                                      {product} {ergonomic}
   size_t SoftMaxHeapSize                          = 536870912                              {manageable} {ergonomic}
     bool UseCompressedClassPointers               = true                           {product lp64_product} {ergonomic}
     bool UseCompressedOops                        = true                           {product lp64_product} {ergonomic}
     bool UseG1GC                                  = true                                      {product} {ergonomic}
     bool UseLargePagesIndividualAllocation        = false                                  {pd product} {ergonomic}

Logging:
Log output configuration:
 #0: stdout all=warning uptime,level,tags
 #1: stderr all=off uptime,level,tags

Environment Variables:
JAVA_HOME=C:\Program Files\Java\jdk-17
PATH=C:\Program Files\Common Files\Oracle\Java\javapath;C:\ProgramData\Oracle\Java\javapath;C:\WINDOWS\system32;C:\WINDOWS;C:\WINDOWS\System32\Wbem;C:\WINDOWS\System32\WindowsPowerShell\v1.0\;C:\WINDOWS\System32\OpenSSH\;C:\Program Files\Git\cmd;C:\Program Files\PuTTY\;C:\Program Files\WireGuard\;D:\Maven\apache-maven-3.9.8\bin;D:\Apache\Apache24\bin;C:\MinGW\bin;C:\Users\artem\.cargo\bin;C:\Program Files\Common Files\Oracle\Java\javapath;C:\ProgramData\Oracle\Java\javapath;C:\WINDOWS\system32;C:\WINDOWS;C:\WINDOWS\System32\Wbem;C:\WINDOWS\System32\WindowsPowerShell\v1.0\;C:\WINDOWS\System32\OpenSSH\;C:\Program Files\Git\cmd;C:\Program Files\PuTTY\;C:\Program Files\WireGuard\;D:\Maven\apache-maven-3.9.8\bin;D:\Apache\Apache24\bin;C:\MinGW\bin;;D:\Maven\apache-maven-3.9.8\bin\bin;D:\RustRover 2024.2\bin;
USERNAME=artem
OS=Windows_NT
PROCESSOR_IDENTIFIER=AMD64 Family 23 Model 24 Stepping 1, AuthenticAMD



---------------  S Y S T E M  ---------------

OS:
 Windows 11 , 64 bit Build 22621 (10.0.22621.3958)
OS uptime: 6 days 14:25 hours
Hyper-V role detected

CPU: total 8 (initial active 8) (8 cores per cpu, 2 threads per core) family 23 model 24 stepping 1 microcode 0x0, cx8, cmov, fxsr, ht, mmx, 3dnowpref, sse, sse2, sse3, ssse3, sse4a, sse4.1, sse4.2, popcnt, lzcnt, tsc, tscinvbit, avx, avx2, aes, clmul, bmi1, bmi2, adx, sha, fma, vzeroupper, clflush, clflushopt, hv

Memory: 4k page, system-wide physical 15297M (3429M free)
TotalPageFile size 18634M (AvailPageFile size 2962M)
current process WorkingSet (physical memory assigned to process): 257M, peak: 257M
current process commit charge ("private bytes"): 436M, peak: 436M

vm_info: Java HotSpot(TM) 64-Bit Server VM (17.0.10+11-LTS-240) for windows-amd64 JRE (17.0.10+11-LTS-240), built on Dec 19 2023 21:47:25 by "mach5one" with MS VC++ 17.1 (VS2022)

END.
